[16:21:40] Explicit valence for atom # 2 O, 3, is greater than permitted
[16:21:41] Explicit valence for atom # 0 N, 4, is greater than permitted
[16:21:41] Explicit valence for atom # 0 N, 4, is greater than permitted
[16:21:42] Explicit valence for atom # 0 N, 4, is greater than permitted
[16:21:45] Explicit valence for atom # 84 N, 4, is greater than permitted
[16:21:46] SMILES Parse Error: syntax error for input: 'OC1=CC=CC(=C1)C-1=C2\CCC(=N2)\C(=C2/N\C(\C=C2)=C(/C2=N/C(/C=C2)=C(\C2=CC=C\-1N2)C1=CC(O)=CC=C1)C1=CC(O)=CC=C1)\C1=CC(O)=CC=C1'
[16:21:46] Explicit valence for atom # 0 N, 4, is greater than permitted
[16:21:47] Explicit valence for atom # 2 O, 3, is greater than permitted
[16:21:48] Explicit valence for atom # 0 N, 4, is greater than permitted
[16:21:48] Explicit valence for atom # 0 N, 4, is greater than permitted
[16:21:49] Explicit valence for atom # 0 N, 4, is greater than permitted
[16:21:52] Explicit valence for atom # 84 N, 4, is greater than permitted
[16:21:52] SMILES Parse Error: syntax error for input: 'OC1=CC=CC(=C1)C-1=C2\CCC(=N2)\C(=C2/N\C(\C=C2)=C(/C2=N/C(/C=C2)=C(\C2=CC=C\-1N2)C1=CC(O)=CC=C1)C1=CC(O)=CC=C1)\C1=CC(O)=CC=C1'
[16:21:53] Explicit valence for atom # 0 N, 4, is greater than permitted
[16:21:54] Explicit valence for atom # 2 O, 3, is greater than permitted
[16:21:55] Explicit valence for atom # 0 N, 4, is greater than permitted
[16:21:55] Explicit valence for atom # 0 N, 4, is greater than permitted
[16:21:56] Explicit valence for atom # 0 N, 4, is greater than permitted
[16:21:59] Explicit valence for atom # 84 N, 4, is greater than permitted
[16:21:59] SMILES Parse Error: syntax error for input: 'OC1=CC=CC(=C1)C-1=C2\CCC(=N2)\C(=C2/N\C(\C=C2)=C(/C2=N/C(/C=C2)=C(\C2=CC=C\-1N2)C1=CC(O)=CC=C1)C1=CC(O)=CC=C1)\C1=CC(O)=CC=C1'
[16:22:00] Explicit valence for atom # 0 N, 4, is greater than permitted
[16:22:01] Explicit valence for atom # 2 O, 3, is greater than permitted
[16:22:01] Explicit valence for atom # 0 N, 4, is greater than permitted
[16:22:01] Explicit valence for atom # 0 N, 4, is greater than permitted
[16:22:02] Explicit valence for atom # 0 N, 4, is greater than permitted
[16:22:05] Explicit valence for atom # 84 N, 4, is greater than permitted
[16:22:06] SMILES Parse Error: syntax error for input: 'OC1=CC=CC(=C1)C-1=C2\CCC(=N2)\C(=C2/N\C(\C=C2)=C(/C2=N/C(/C=C2)=C(\C2=CC=C\-1N2)C1=CC(O)=CC=C1)C1=CC(O)=CC=C1)\C1=CC(O)=CC=C1'
[16:22:06] Explicit valence for atom # 0 N, 4, is greater than permitted
[16:22:07] Explicit valence for atom # 2 O, 3, is greater than permitted
[16:22:08] Explicit valence for atom # 0 N, 4, is greater than permitted
[16:22:08] Explicit valence for atom # 0 N, 4, is greater than permitted
[16:22:09] Explicit valence for atom # 0 N, 4, is greater than permitted
[16:22:12] Explicit valence for atom # 84 N, 4, is greater than permitted
[16:22:13] SMILES Parse Error: syntax error for input: 'OC1=CC=CC(=C1)C-1=C2\CCC(=N2)\C(=C2/N\C(\C=C2)=C(/C2=N/C(/C=C2)=C(\C2=CC=C\-1N2)C1=CC(O)=CC=C1)C1=CC(O)=CC=C1)\C1=CC(O)=CC=C1'
[16:22:13] Explicit valence for atom # 0 N, 4, is greater than permitted
[16:22:14] Explicit valence for atom # 2 O, 3, is greater than permitted
[16:22:15] Explicit valence for atom # 0 N, 4, is greater than permitted
[16:22:15] Explicit valence for atom # 0 N, 4, is greater than permitted
[16:22:16] Explicit valence for atom # 0 N, 4, is greater than permitted
[16:22:19] Explicit valence for atom # 84 N, 4, is greater than permitted
[16:22:19] SMILES Parse Error: syntax error for input: 'OC1=CC=CC(=C1)C-1=C2\CCC(=N2)\C(=C2/N\C(\C=C2)=C(/C2=N/C(/C=C2)=C(\C2=CC=C\-1N2)C1=CC(O)=CC=C1)C1=CC(O)=CC=C1)\C1=CC(O)=CC=C1'
[16:22:20] Explicit valence for atom # 0 N, 4, is greater than permitted
[16:22:21] Explicit valence for atom # 2 O, 3, is greater than permitted
[16:22:22] Explicit valence for atom # 0 N, 4, is greater than permitted
[16:22:22] Explicit valence for atom # 0 N, 4, is greater than permitted
[16:22:23] Explicit valence for atom # 0 N, 4, is greater than permitted
[16:22:26] Explicit valence for atom # 84 N, 4, is greater than permitted
[16:22:26] SMILES Parse Error: syntax error for input: 'OC1=CC=CC(=C1)C-1=C2\CCC(=N2)\C(=C2/N\C(\C=C2)=C(/C2=N/C(/C=C2)=C(\C2=CC=C\-1N2)C1=CC(O)=CC=C1)C1=CC(O)=CC=C1)\C1=CC(O)=CC=C1'
[16:22:27] Explicit valence for atom # 0 N, 4, is greater than permitted
[16:22:28] Explicit valence for atom # 2 O, 3, is greater than permitted
[16:22:28] Explicit valence for atom # 0 N, 4, is greater than permitted
[16:22:28] Explicit valence for atom # 0 N, 4, is greater than permitted
[16:22:30] Explicit valence for atom # 0 N, 4, is greater than permitted
[16:22:32] Explicit valence for atom # 84 N, 4, is greater than permitted
[16:22:33] SMILES Parse Error: syntax error for input: 'OC1=CC=CC(=C1)C-1=C2\CCC(=N2)\C(=C2/N\C(\C=C2)=C(/C2=N/C(/C=C2)=C(\C2=CC=C\-1N2)C1=CC(O)=CC=C1)C1=CC(O)=CC=C1)\C1=CC(O)=CC=C1'
[16:22:33] Explicit valence for atom # 0 N, 4, is greater than permitted
[16:22:34] Explicit valence for atom # 2 O, 3, is greater than permitted
[16:22:35] Explicit valence for atom # 0 N, 4, is greater than permitted
[16:22:35] Explicit valence for atom # 0 N, 4, is greater than permitted
[16:22:36] Explicit valence for atom # 0 N, 4, is greater than permitted
[16:22:39] Explicit valence for atom # 84 N, 4, is greater than permitted
[16:22:40] SMILES Parse Error: syntax error for input: 'OC1=CC=CC(=C1)C-1=C2\CCC(=N2)\C(=C2/N\C(\C=C2)=C(/C2=N/C(/C=C2)=C(\C2=CC=C\-1N2)C1=CC(O)=CC=C1)C1=CC(O)=CC=C1)\C1=CC(O)=CC=C1'
[16:22:40] Explicit valence for atom # 0 N, 4, is greater than permitted
[16:22:41] Explicit valence for atom # 2 O, 3, is greater than permitted
[16:22:42] Explicit valence for atom # 0 N, 4, is greater than permitted
[16:22:42] Explicit valence for atom # 0 N, 4, is greater than permitted
[16:22:43] Explicit valence for atom # 0 N, 4, is greater than permitted
[16:22:46] Explicit valence for atom # 84 N, 4, is greater than permitted
[16:22:46] SMILES Parse Error: syntax error for input: 'OC1=CC=CC(=C1)C-1=C2\CCC(=N2)\C(=C2/N\C(\C=C2)=C(/C2=N/C(/C=C2)=C(\C2=CC=C\-1N2)C1=CC(O)=CC=C1)C1=CC(O)=CC=C1)\C1=CC(O)=CC=C1'
[16:22:47] Explicit valence for atom # 0 N, 4, is greater than permitted
[16:22:48] Explicit valence for atom # 2 O, 3, is greater than permitted
[16:22:49] Explicit valence for atom # 0 N, 4, is greater than permitted
[16:22:49] Explicit valence for atom # 0 N, 4, is greater than permitted
[16:22:50] Explicit valence for atom # 0 N, 4, is greater than permitted
[16:22:53] Explicit valence for atom # 84 N, 4, is greater than permitted
[16:22:53] SMILES Parse Error: syntax error for input: 'OC1=CC=CC(=C1)C-1=C2\CCC(=N2)\C(=C2/N\C(\C=C2)=C(/C2=N/C(/C=C2)=C(\C2=CC=C\-1N2)C1=CC(O)=CC=C1)C1=CC(O)=CC=C1)\C1=CC(O)=CC=C1'
[16:22:54] Explicit valence for atom # 0 N, 4, is greater than permitted
[16:22:55] Explicit valence for atom # 2 O, 3, is greater than permitted
[16:22:55] Explicit valence for atom # 0 N, 4, is greater than permitted
[16:22:55] Explicit valence for atom # 0 N, 4, is greater than permitted
[16:22:57] Explicit valence for atom # 0 N, 4, is greater than permitted
[16:22:59] Explicit valence for atom # 84 N, 4, is greater than permitted
[16:23:00] SMILES Parse Error: syntax error for input: 'OC1=CC=CC(=C1)C-1=C2\CCC(=N2)\C(=C2/N\C(\C=C2)=C(/C2=N/C(/C=C2)=C(\C2=CC=C\-1N2)C1=CC(O)=CC=C1)C1=CC(O)=CC=C1)\C1=CC(O)=CC=C1'
[16:23:00] Explicit valence for atom # 0 N, 4, is greater than permitted
[16:23:01] Explicit valence for atom # 2 O, 3, is greater than permitted
[16:23:02] Explicit valence for atom # 0 N, 4, is greater than permitted
[16:23:02] Explicit valence for atom # 0 N, 4, is greater than permitted
[16:23:03] Explicit valence for atom # 0 N, 4, is greater than permitted
[16:23:06] Explicit valence for atom # 84 N, 4, is greater than permitted
[16:23:07] SMILES Parse Error: syntax error for input: 'OC1=CC=CC(=C1)C-1=C2\CCC(=N2)\C(=C2/N\C(\C=C2)=C(/C2=N/C(/C=C2)=C(\C2=CC=C\-1N2)C1=CC(O)=CC=C1)C1=CC(O)=CC=C1)\C1=CC(O)=CC=C1'
[16:23:07] Explicit valence for atom # 0 N, 4, is greater than permitted
[16:23:08] Explicit valence for atom # 2 O, 3, is greater than permitted
[16:23:09] Explicit valence for atom # 0 N, 4, is greater than permitted
[16:23:09] Explicit valence for atom # 0 N, 4, is greater than permitted
[16:23:10] Explicit valence for atom # 0 N, 4, is greater than permitted
[16:23:13] Explicit valence for atom # 84 N, 4, is greater than permitted
[16:23:13] SMILES Parse Error: syntax error for input: 'OC1=CC=CC(=C1)C-1=C2\CCC(=N2)\C(=C2/N\C(\C=C2)=C(/C2=N/C(/C=C2)=C(\C2=CC=C\-1N2)C1=CC(O)=CC=C1)C1=CC(O)=CC=C1)\C1=CC(O)=CC=C1'
[16:23:14] Explicit valence for atom # 0 N, 4, is greater than permitted
[16:23:15] SMILES Parse Error: syntax error for input: ' '
[16:23:15] Explicit valence for atom # 2 O, 3, is greater than permitted
[16:23:16] Explicit valence for atom # 0 N, 4, is greater than permitted
[16:23:16] Explicit valence for atom # 0 N, 4, is greater than permitted
[16:23:17] Explicit valence for atom # 0 N, 4, is greater than permitted
[16:23:20] Explicit valence for atom # 84 N, 4, is greater than permitted
[16:23:20] SMILES Parse Error: syntax error for input: 'OC1=CC=CC(=C1)C-1=C2\CCC(=N2)\C(=C2/N\C(\C=C2)=C(/C2=N/C(/C=C2)=C(\C2=CC=C\-1N2)C1=CC(O)=CC=C1)C1=CC(O)=CC=C1)\C1=CC(O)=CC=C1'
[16:23:21] Explicit valence for atom # 0 N, 4, is greater than permitted
[16:23:22] Explicit valence for atom # 2 O, 3, is greater than permitted
[16:23:22] Explicit valence for atom # 0 N, 4, is greater than permitted
[16:23:22] Explicit valence for atom # 0 N, 4, is greater than permitted
[16:23:24] Explicit valence for atom # 0 N, 4, is greater than permitted
[16:23:27] Explicit valence for atom # 84 N, 4, is greater than permitted
[16:23:27] SMILES Parse Error: syntax error for input: 'OC1=CC=CC(=C1)C-1=C2\CCC(=N2)\C(=C2/N\C(\C=C2)=C(/C2=N/C(/C=C2)=C(\C2=CC=C\-1N2)C1=CC(O)=CC=C1)C1=CC(O)=CC=C1)\C1=CC(O)=CC=C1'
[16:23:27] Explicit valence for atom # 0 N, 4, is greater than permitted
[16:23:28] Explicit valence for atom # 2 O, 3, is greater than permitted
[16:23:29] Explicit valence for atom # 0 N, 4, is greater than permitted
[16:23:29] Explicit valence for atom # 0 N, 4, is greater than permitted
[16:23:30] Explicit valence for atom # 0 N, 4, is greater than permitted
[16:23:33] Explicit valence for atom # 84 N, 4, is greater than permitted
[16:23:34] SMILES Parse Error: syntax error for input: 'OC1=CC=CC(=C1)C-1=C2\CCC(=N2)\C(=C2/N\C(\C=C2)=C(/C2=N/C(/C=C2)=C(\C2=CC=C\-1N2)C1=CC(O)=CC=C1)C1=CC(O)=CC=C1)\C1=CC(O)=CC=C1'
[16:23:34] Explicit valence for atom # 0 N, 4, is greater than permitted
[16:23:35] Explicit valence for atom # 2 O, 3, is greater than permitted
[16:23:36] Explicit valence for atom # 0 N, 4, is greater than permitted
[16:23:36] Explicit valence for atom # 0 N, 4, is greater than permitted
[16:23:37] Explicit valence for atom # 0 N, 4, is greater than permitted
[16:23:40] Explicit valence for atom # 84 N, 4, is greater than permitted
[16:23:40] SMILES Parse Error: syntax error for input: 'OC1=CC=CC(=C1)C-1=C2\CCC(=N2)\C(=C2/N\C(\C=C2)=C(/C2=N/C(/C=C2)=C(\C2=CC=C\-1N2)C1=CC(O)=CC=C1)C1=CC(O)=CC=C1)\C1=CC(O)=CC=C1'
[16:23:41] Explicit valence for atom # 0 N, 4, is greater than permitted
[16:23:42] Explicit valence for atom # 2 O, 3, is greater than permitted
[16:23:43] Explicit valence for atom # 0 N, 4, is greater than permitted
[16:23:43] Explicit valence for atom # 0 N, 4, is greater than permitted
[16:23:44] Explicit valence for atom # 0 N, 4, is greater than permitted
[16:23:47] Explicit valence for atom # 84 N, 4, is greater than permitted
[16:23:47] SMILES Parse Error: syntax error for input: 'OC1=CC=CC(=C1)C-1=C2\CCC(=N2)\C(=C2/N\C(\C=C2)=C(/C2=N/C(/C=C2)=C(\C2=CC=C\-1N2)C1=CC(O)=CC=C1)C1=CC(O)=CC=C1)\C1=CC(O)=CC=C1'
[16:23:48] Explicit valence for atom # 0 N, 4, is greater than permitted
[16:23:49] Explicit valence for atom # 2 O, 3, is greater than permitted
[16:23:50] Explicit valence for atom # 0 N, 4, is greater than permitted
[16:23:50] Explicit valence for atom # 0 N, 4, is greater than permitted
[16:23:51] Explicit valence for atom # 0 N, 4, is greater than permitted
[16:23:54] Explicit valence for atom # 84 N, 4, is greater than permitted
[16:23:54] SMILES Parse Error: syntax error for input: 'OC1=CC=CC(=C1)C-1=C2\CCC(=N2)\C(=C2/N\C(\C=C2)=C(/C2=N/C(/C=C2)=C(\C2=CC=C\-1N2)C1=CC(O)=CC=C1)C1=CC(O)=CC=C1)\C1=CC(O)=CC=C1'
[16:23:55] Explicit valence for atom # 0 N, 4, is greater than permitted
[16:23:56] Explicit valence for atom # 2 O, 3, is greater than permitted
[16:23:56] Explicit valence for atom # 0 N, 4, is greater than permitted
[16:23:56] Explicit valence for atom # 0 N, 4, is greater than permitted
[16:23:58] Explicit valence for atom # 0 N, 4, is greater than permitted
[16:24:01] Explicit valence for atom # 84 N, 4, is greater than permitted
[16:24:01] SMILES Parse Error: syntax error for input: 'OC1=CC=CC(=C1)C-1=C2\CCC(=N2)\C(=C2/N\C(\C=C2)=C(/C2=N/C(/C=C2)=C(\C2=CC=C\-1N2)C1=CC(O)=CC=C1)C1=CC(O)=CC=C1)\C1=CC(O)=CC=C1'
[16:24:01] Explicit valence for atom # 0 N, 4, is greater than permitted
[16:24:02] Explicit valence for atom # 2 O, 3, is greater than permitted
[16:24:03] Explicit valence for atom # 0 N, 4, is greater than permitted
[16:24:03] Explicit valence for atom # 0 N, 4, is greater than permitted
[16:24:04] Explicit valence for atom # 0 N, 4, is greater than permitted
[16:24:07] Explicit valence for atom # 84 N, 4, is greater than permitted
[16:24:08] SMILES Parse Error: syntax error for input: 'OC1=CC=CC(=C1)C-1=C2\CCC(=N2)\C(=C2/N\C(\C=C2)=C(/C2=N/C(/C=C2)=C(\C2=CC=C\-1N2)C1=CC(O)=CC=C1)C1=CC(O)=CC=C1)\C1=CC(O)=CC=C1'
[16:24:08] Explicit valence for atom # 0 N, 4, is greater than permitted
[16:24:09] Explicit valence for atom # 2 O, 3, is greater than permitted
[16:24:10] Explicit valence for atom # 0 N, 4, is greater than permitted
[16:24:10] Explicit valence for atom # 0 N, 4, is greater than permitted
[16:24:11] Explicit valence for atom # 0 N, 4, is greater than permitted
[16:24:14] Explicit valence for atom # 84 N, 4, is greater than permitted
[16:24:14] SMILES Parse Error: syntax error for input: 'OC1=CC=CC(=C1)C-1=C2\CCC(=N2)\C(=C2/N\C(\C=C2)=C(/C2=N/C(/C=C2)=C(\C2=CC=C\-1N2)C1=CC(O)=CC=C1)C1=CC(O)=CC=C1)\C1=CC(O)=CC=C1'
[16:24:15] Explicit valence for atom # 0 N, 4, is greater than permitted
[16:24:16] Explicit valence for atom # 2 O, 3, is greater than permitted
[16:24:17] Explicit valence for atom # 0 N, 4, is greater than permitted
[16:24:17] Explicit valence for atom # 0 N, 4, is greater than permitted
[16:24:18] Explicit valence for atom # 0 N, 4, is greater than permitted
[16:24:21] Explicit valence for atom # 84 N, 4, is greater than permitted
[16:24:21] SMILES Parse Error: syntax error for input: 'OC1=CC=CC(=C1)C-1=C2\CCC(=N2)\C(=C2/N\C(\C=C2)=C(/C2=N/C(/C=C2)=C(\C2=CC=C\-1N2)C1=CC(O)=CC=C1)C1=CC(O)=CC=C1)\C1=CC(O)=CC=C1'
[16:24:22] Explicit valence for atom # 0 N, 4, is greater than permitted
[16:24:23] Explicit valence for atom # 2 O, 3, is greater than permitted
[16:24:24] Explicit valence for atom # 0 N, 4, is greater than permitted
[16:24:24] Explicit valence for atom # 0 N, 4, is greater than permitted
[16:24:25] Explicit valence for atom # 0 N, 4, is greater than permitted
[16:24:28] Explicit valence for atom # 84 N, 4, is greater than permitted
[16:24:28] SMILES Parse Error: syntax error for input: 'OC1=CC=CC(=C1)C-1=C2\CCC(=N2)\C(=C2/N\C(\C=C2)=C(/C2=N/C(/C=C2)=C(\C2=CC=C\-1N2)C1=CC(O)=CC=C1)C1=CC(O)=CC=C1)\C1=CC(O)=CC=C1'
[16:24:29] Explicit valence for atom # 0 N, 4, is greater than permitted
[16:24:30] Explicit valence for atom # 2 O, 3, is greater than permitted
[16:24:30] Explicit valence for atom # 0 N, 4, is greater than permitted
[16:24:30] Explicit valence for atom # 0 N, 4, is greater than permitted
[16:24:31] Explicit valence for atom # 0 N, 4, is greater than permitted
[16:24:34] Explicit valence for atom # 84 N, 4, is greater than permitted
[16:24:35] SMILES Parse Error: syntax error for input: 'OC1=CC=CC(=C1)C-1=C2\CCC(=N2)\C(=C2/N\C(\C=C2)=C(/C2=N/C(/C=C2)=C(\C2=CC=C\-1N2)C1=CC(O)=CC=C1)C1=CC(O)=CC=C1)\C1=CC(O)=CC=C1'
[16:24:35] Explicit valence for atom # 0 N, 4, is greater than permitted
[16:24:36] Explicit valence for atom # 2 O, 3, is greater than permitted
[16:24:37] Explicit valence for atom # 0 N, 4, is greater than permitted
[16:24:37] Explicit valence for atom # 0 N, 4, is greater than permitted
[16:24:38] Explicit valence for atom # 0 N, 4, is greater than permitted
[16:24:41] Explicit valence for atom # 84 N, 4, is greater than permitted
[16:24:42] SMILES Parse Error: syntax error for input: 'OC1=CC=CC(=C1)C-1=C2\CCC(=N2)\C(=C2/N\C(\C=C2)=C(/C2=N/C(/C=C2)=C(\C2=CC=C\-1N2)C1=CC(O)=CC=C1)C1=CC(O)=CC=C1)\C1=CC(O)=CC=C1'
[16:24:42] Explicit valence for atom # 0 N, 4, is greater than permitted
[16:24:43] Explicit valence for atom # 2 O, 3, is greater than permitted
[16:24:44] Explicit valence for atom # 0 N, 4, is greater than permitted
[16:24:44] Explicit valence for atom # 0 N, 4, is greater than permitted
[16:24:45] Explicit valence for atom # 0 N, 4, is greater than permitted
[16:24:48] Explicit valence for atom # 84 N, 4, is greater than permitted
[16:24:49] SMILES Parse Error: syntax error for input: 'OC1=CC=CC(=C1)C-1=C2\CCC(=N2)\C(=C2/N\C(\C=C2)=C(/C2=N/C(/C=C2)=C(\C2=CC=C\-1N2)C1=CC(O)=CC=C1)C1=CC(O)=CC=C1)\C1=CC(O)=CC=C1'
[16:24:49] Explicit valence for atom # 0 N, 4, is greater than permitted
[16:24:50] Explicit valence for atom # 2 O, 3, is greater than permitted
[16:24:51] Explicit valence for atom # 0 N, 4, is greater than permitted
[16:24:51] Explicit valence for atom # 0 N, 4, is greater than permitted
[16:24:52] Explicit valence for atom # 0 N, 4, is greater than permitted
[16:24:55] Explicit valence for atom # 84 N, 4, is greater than permitted
[16:24:55] SMILES Parse Error: syntax error for input: 'OC1=CC=CC(=C1)C-1=C2\CCC(=N2)\C(=C2/N\C(\C=C2)=C(/C2=N/C(/C=C2)=C(\C2=CC=C\-1N2)C1=CC(O)=CC=C1)C1=CC(O)=CC=C1)\C1=CC(O)=CC=C1'
[16:24:56] Explicit valence for atom # 0 N, 4, is greater than permitted
[16:24:57] Explicit valence for atom # 2 O, 3, is greater than permitted
[16:24:58] Explicit valence for atom # 0 N, 4, is greater than permitted
[16:24:58] Explicit valence for atom # 0 N, 4, is greater than permitted
[16:24:59] Explicit valence for atom # 0 N, 4, is greater than permitted
[16:25:02] Explicit valence for atom # 84 N, 4, is greater than permitted
[16:25:02] SMILES Parse Error: syntax error for input: 'OC1=CC=CC(=C1)C-1=C2\CCC(=N2)\C(=C2/N\C(\C=C2)=C(/C2=N/C(/C=C2)=C(\C2=CC=C\-1N2)C1=CC(O)=CC=C1)C1=CC(O)=CC=C1)\C1=CC(O)=CC=C1'
[16:25:03] Explicit valence for atom # 0 N, 4, is greater than permitted
[16:25:04] Explicit valence for atom # 2 O, 3, is greater than permitted
[16:25:05] Explicit valence for atom # 0 N, 4, is greater than permitted
[16:25:05] Explicit valence for atom # 0 N, 4, is greater than permitted
[16:25:06] Explicit valence for atom # 0 N, 4, is greater than permitted
[16:25:09] Explicit valence for atom # 84 N, 4, is greater than permitted
[16:25:09] SMILES Parse Error: syntax error for input: 'OC1=CC=CC(=C1)C-1=C2\CCC(=N2)\C(=C2/N\C(\C=C2)=C(/C2=N/C(/C=C2)=C(\C2=CC=C\-1N2)C1=CC(O)=CC=C1)C1=CC(O)=CC=C1)\C1=CC(O)=CC=C1'
[16:25:10] Explicit valence for atom # 0 N, 4, is greater than permitted
[16:25:11] Explicit valence for atom # 2 O, 3, is greater than permitted
[16:25:11] Explicit valence for atom # 0 N, 4, is greater than permitted
[16:25:11] Explicit valence for atom # 0 N, 4, is greater than permitted
[16:25:13] Explicit valence for atom # 0 N, 4, is greater than permitted
[16:25:16] Explicit valence for atom # 84 N, 4, is greater than permitted
[16:25:16] SMILES Parse Error: syntax error for input: 'OC1=CC=CC(=C1)C-1=C2\CCC(=N2)\C(=C2/N\C(\C=C2)=C(/C2=N/C(/C=C2)=C(\C2=CC=C\-1N2)C1=CC(O)=CC=C1)C1=CC(O)=CC=C1)\C1=CC(O)=CC=C1'
[16:25:16] Explicit valence for atom # 0 N, 4, is greater than permitted
[16:25:17] Explicit valence for atom # 2 O, 3, is greater than permitted
[16:25:18] Explicit valence for atom # 0 N, 4, is greater than permitted
[16:25:18] Explicit valence for atom # 0 N, 4, is greater than permitted
[16:25:19] Explicit valence for atom # 0 N, 4, is greater than permitted
[16:25:22] Explicit valence for atom # 84 N, 4, is greater than permitted
[16:25:23] SMILES Parse Error: syntax error for input: 'OC1=CC=CC(=C1)C-1=C2\CCC(=N2)\C(=C2/N\C(\C=C2)=C(/C2=N/C(/C=C2)=C(\C2=CC=C\-1N2)C1=CC(O)=CC=C1)C1=CC(O)=CC=C1)\C1=CC(O)=CC=C1'
[16:25:23] Explicit valence for atom # 0 N, 4, is greater than permitted
[16:25:24] Explicit valence for atom # 2 O, 3, is greater than permitted
[16:25:25] Explicit valence for atom # 0 N, 4, is greater than permitted
[16:25:25] Explicit valence for atom # 0 N, 4, is greater than permitted
[16:25:26] Explicit valence for atom # 0 N, 4, is greater than permitted
[16:25:29] Explicit valence for atom # 84 N, 4, is greater than permitted
[16:25:30] SMILES Parse Error: syntax error for input: 'OC1=CC=CC(=C1)C-1=C2\CCC(=N2)\C(=C2/N\C(\C=C2)=C(/C2=N/C(/C=C2)=C(\C2=CC=C\-1N2)C1=CC(O)=CC=C1)C1=CC(O)=CC=C1)\C1=CC(O)=CC=C1'
[16:25:30] Explicit valence for atom # 0 N, 4, is greater than permitted
[16:25:31] Explicit valence for atom # 2 O, 3, is greater than permitted
[16:25:32] Explicit valence for atom # 0 N, 4, is greater than permitted
[16:25:32] Explicit valence for atom # 0 N, 4, is greater than permitted
[16:25:33] Explicit valence for atom # 0 N, 4, is greater than permitted
[16:25:36] Explicit valence for atom # 84 N, 4, is greater than permitted
[16:25:37] SMILES Parse Error: syntax error for input: 'OC1=CC=CC(=C1)C-1=C2\CCC(=N2)\C(=C2/N\C(\C=C2)=C(/C2=N/C(/C=C2)=C(\C2=CC=C\-1N2)C1=CC(O)=CC=C1)C1=CC(O)=CC=C1)\C1=CC(O)=CC=C1'
[16:25:37] Explicit valence for atom # 0 N, 4, is greater than permitted
[16:25:38] Explicit valence for atom # 2 O, 3, is greater than permitted
[16:25:39] Explicit valence for atom # 0 N, 4, is greater than permitted
[16:25:39] Explicit valence for atom # 0 N, 4, is greater than permitted
[16:25:40] Explicit valence for atom # 0 N, 4, is greater than permitted
[16:25:43] Explicit valence for atom # 84 N, 4, is greater than permitted
[16:25:43] SMILES Parse Error: syntax error for input: 'OC1=CC=CC(=C1)C-1=C2\CCC(=N2)\C(=C2/N\C(\C=C2)=C(/C2=N/C(/C=C2)=C(\C2=CC=C\-1N2)C1=CC(O)=CC=C1)C1=CC(O)=CC=C1)\C1=CC(O)=CC=C1'
[16:25:44] Explicit valence for atom # 0 N, 4, is greater than permitted
[16:25:45] Explicit valence for atom # 2 O, 3, is greater than permitted
[16:25:46] Explicit valence for atom # 0 N, 4, is greater than permitted
[16:25:46] Explicit valence for atom # 0 N, 4, is greater than permitted
[16:25:47] Explicit valence for atom # 0 N, 4, is greater than permitted
[16:25:50] Explicit valence for atom # 84 N, 4, is greater than permitted
[16:25:50] SMILES Parse Error: syntax error for input: 'OC1=CC=CC(=C1)C-1=C2\CCC(=N2)\C(=C2/N\C(\C=C2)=C(/C2=N/C(/C=C2)=C(\C2=CC=C\-1N2)C1=CC(O)=CC=C1)C1=CC(O)=CC=C1)\C1=CC(O)=CC=C1'
[16:25:51] Explicit valence for atom # 0 N, 4, is greater than permitted
[16:25:52] Explicit valence for atom # 2 O, 3, is greater than permitted
[16:25:53] Explicit valence for atom # 0 N, 4, is greater than permitted
[16:25:53] Explicit valence for atom # 0 N, 4, is greater than permitted
[16:25:54] Explicit valence for atom # 0 N, 4, is greater than permitted
[16:25:57] Explicit valence for atom # 84 N, 4, is greater than permitted
[16:25:57] SMILES Parse Error: syntax error for input: 'OC1=CC=CC(=C1)C-1=C2\CCC(=N2)\C(=C2/N\C(\C=C2)=C(/C2=N/C(/C=C2)=C(\C2=CC=C\-1N2)C1=CC(O)=CC=C1)C1=CC(O)=CC=C1)\C1=CC(O)=CC=C1'
[16:25:58] Explicit valence for atom # 0 N, 4, is greater than permitted
[16:25:59] Explicit valence for atom # 2 O, 3, is greater than permitted
[16:25:59] Explicit valence for atom # 0 N, 4, is greater than permitted
[16:25:59] Explicit valence for atom # 0 N, 4, is greater than permitted
[16:26:01] Explicit valence for atom # 0 N, 4, is greater than permitted
[16:26:04] Explicit valence for atom # 84 N, 4, is greater than permitted
[16:26:04] SMILES Parse Error: syntax error for input: 'OC1=CC=CC(=C1)C-1=C2\CCC(=N2)\C(=C2/N\C(\C=C2)=C(/C2=N/C(/C=C2)=C(\C2=CC=C\-1N2)C1=CC(O)=CC=C1)C1=CC(O)=CC=C1)\C1=CC(O)=CC=C1'
[16:26:05] Explicit valence for atom # 0 N, 4, is greater than permitted
[16:26:06] Explicit valence for atom # 2 O, 3, is greater than permitted
[16:26:06] Explicit valence for atom # 0 N, 4, is greater than permitted
[16:26:06] Explicit valence for atom # 0 N, 4, is greater than permitted
[16:26:08] Explicit valence for atom # 0 N, 4, is greater than permitted
[16:26:11] Explicit valence for atom # 84 N, 4, is greater than permitted
[16:26:11] SMILES Parse Error: syntax error for input: 'OC1=CC=CC(=C1)C-1=C2\CCC(=N2)\C(=C2/N\C(\C=C2)=C(/C2=N/C(/C=C2)=C(\C2=CC=C\-1N2)C1=CC(O)=CC=C1)C1=CC(O)=CC=C1)\C1=CC(O)=CC=C1'
[16:26:11] Explicit valence for atom # 0 N, 4, is greater than permitted
[16:26:12] Explicit valence for atom # 2 O, 3, is greater than permitted
[16:26:13] Explicit valence for atom # 0 N, 4, is greater than permitted
[16:26:13] Explicit valence for atom # 0 N, 4, is greater than permitted
[16:26:14] Explicit valence for atom # 0 N, 4, is greater than permitted
[16:26:17] Explicit valence for atom # 84 N, 4, is greater than permitted
[16:26:18] SMILES Parse Error: syntax error for input: 'OC1=CC=CC(=C1)C-1=C2\CCC(=N2)\C(=C2/N\C(\C=C2)=C(/C2=N/C(/C=C2)=C(\C2=CC=C\-1N2)C1=CC(O)=CC=C1)C1=CC(O)=CC=C1)\C1=CC(O)=CC=C1'
[16:26:18] Explicit valence for atom # 0 N, 4, is greater than permitted
[16:26:19] Explicit valence for atom # 2 O, 3, is greater than permitted
[16:26:20] Explicit valence for atom # 0 N, 4, is greater than permitted
[16:26:20] Explicit valence for atom # 0 N, 4, is greater than permitted
[16:26:21] Explicit valence for atom # 0 N, 4, is greater than permitted
[16:26:24] Explicit valence for atom # 84 N, 4, is greater than permitted
[16:26:24] SMILES Parse Error: syntax error for input: 'OC1=CC=CC(=C1)C-1=C2\CCC(=N2)\C(=C2/N\C(\C=C2)=C(/C2=N/C(/C=C2)=C(\C2=CC=C\-1N2)C1=CC(O)=CC=C1)C1=CC(O)=CC=C1)\C1=CC(O)=CC=C1'
[16:26:25] Explicit valence for atom # 0 N, 4, is greater than permitted
[16:26:26] Explicit valence for atom # 2 O, 3, is greater than permitted
[16:26:27] Explicit valence for atom # 0 N, 4, is greater than permitted
[16:26:27] Explicit valence for atom # 0 N, 4, is greater than permitted
[16:26:28] Explicit valence for atom # 0 N, 4, is greater than permitted
[16:26:31] Explicit valence for atom # 84 N, 4, is greater than permitted
[16:26:31] SMILES Parse Error: syntax error for input: 'OC1=CC=CC(=C1)C-1=C2\CCC(=N2)\C(=C2/N\C(\C=C2)=C(/C2=N/C(/C=C2)=C(\C2=CC=C\-1N2)C1=CC(O)=CC=C1)C1=CC(O)=CC=C1)\C1=CC(O)=CC=C1'
[16:26:32] Explicit valence for atom # 0 N, 4, is greater than permitted
[16:26:33] Explicit valence for atom # 2 O, 3, is greater than permitted
[16:26:34] Explicit valence for atom # 0 N, 4, is greater than permitted
[16:26:34] Explicit valence for atom # 0 N, 4, is greater than permitted
[16:26:35] Explicit valence for atom # 0 N, 4, is greater than permitted
[16:26:38] Explicit valence for atom # 84 N, 4, is greater than permitted
[16:26:38] SMILES Parse Error: syntax error for input: 'OC1=CC=CC(=C1)C-1=C2\CCC(=N2)\C(=C2/N\C(\C=C2)=C(/C2=N/C(/C=C2)=C(\C2=CC=C\-1N2)C1=CC(O)=CC=C1)C1=CC(O)=CC=C1)\C1=CC(O)=CC=C1'
[16:26:39] Explicit valence for atom # 0 N, 4, is greater than permitted
[16:26:40] Explicit valence for atom # 2 O, 3, is greater than permitted
[16:26:40] Explicit valence for atom # 0 N, 4, is greater than permitted
[16:26:40] Explicit valence for atom # 0 N, 4, is greater than permitted
[16:26:42] Explicit valence for atom # 0 N, 4, is greater than permitted
[16:26:45] Explicit valence for atom # 84 N, 4, is greater than permitted
[16:26:45] SMILES Parse Error: syntax error for input: 'OC1=CC=CC(=C1)C-1=C2\CCC(=N2)\C(=C2/N\C(\C=C2)=C(/C2=N/C(/C=C2)=C(\C2=CC=C\-1N2)C1=CC(O)=CC=C1)C1=CC(O)=CC=C1)\C1=CC(O)=CC=C1'
[16:26:45] Explicit valence for atom # 0 N, 4, is greater than permitted
[16:26:46] Explicit valence for atom # 2 O, 3, is greater than permitted
[16:26:47] Explicit valence for atom # 0 N, 4, is greater than permitted
[16:26:47] Explicit valence for atom # 0 N, 4, is greater than permitted
[16:26:48] Explicit valence for atom # 0 N, 4, is greater than permitted
[16:26:51] Explicit valence for atom # 84 N, 4, is greater than permitted
[16:26:52] SMILES Parse Error: syntax error for input: 'OC1=CC=CC(=C1)C-1=C2\CCC(=N2)\C(=C2/N\C(\C=C2)=C(/C2=N/C(/C=C2)=C(\C2=CC=C\-1N2)C1=CC(O)=CC=C1)C1=CC(O)=CC=C1)\C1=CC(O)=CC=C1'
[16:26:52] Explicit valence for atom # 0 N, 4, is greater than permitted
[16:26:53] Explicit valence for atom # 2 O, 3, is greater than permitted
[16:26:54] Explicit valence for atom # 0 N, 4, is greater than permitted
[16:26:54] Explicit valence for atom # 0 N, 4, is greater than permitted
[16:26:55] Explicit valence for atom # 0 N, 4, is greater than permitted
[16:26:58] Explicit valence for atom # 84 N, 4, is greater than permitted
[16:26:58] SMILES Parse Error: syntax error for input: 'OC1=CC=CC(=C1)C-1=C2\CCC(=N2)\C(=C2/N\C(\C=C2)=C(/C2=N/C(/C=C2)=C(\C2=CC=C\-1N2)C1=CC(O)=CC=C1)C1=CC(O)=CC=C1)\C1=CC(O)=CC=C1'
[16:26:59] Explicit valence for atom # 0 N, 4, is greater than permitted
[16:27:00] Explicit valence for atom # 2 O, 3, is greater than permitted
[16:27:01] Explicit valence for atom # 0 N, 4, is greater than permitted
[16:27:01] Explicit valence for atom # 0 N, 4, is greater than permitted
[16:27:02] Explicit valence for atom # 0 N, 4, is greater than permitted
[16:27:05] Explicit valence for atom # 84 N, 4, is greater than permitted
[16:27:05] SMILES Parse Error: syntax error for input: 'OC1=CC=CC(=C1)C-1=C2\CCC(=N2)\C(=C2/N\C(\C=C2)=C(/C2=N/C(/C=C2)=C(\C2=CC=C\-1N2)C1=CC(O)=CC=C1)C1=CC(O)=CC=C1)\C1=CC(O)=CC=C1'
[16:27:06] Explicit valence for atom # 0 N, 4, is greater than permitted
[16:27:07] Explicit valence for atom # 2 O, 3, is greater than permitted
[16:27:07] Explicit valence for atom # 0 N, 4, is greater than permitted
[16:27:07] Explicit valence for atom # 0 N, 4, is greater than permitted
[16:27:09] Explicit valence for atom # 0 N, 4, is greater than permitted
[16:27:12] Explicit valence for atom # 84 N, 4, is greater than permitted
[16:27:12] SMILES Parse Error: syntax error for input: 'OC1=CC=CC(=C1)C-1=C2\CCC(=N2)\C(=C2/N\C(\C=C2)=C(/C2=N/C(/C=C2)=C(\C2=CC=C\-1N2)C1=CC(O)=CC=C1)C1=CC(O)=CC=C1)\C1=CC(O)=CC=C1'
[16:27:12] Explicit valence for atom # 0 N, 4, is greater than permitted
[16:27:13] Explicit valence for atom # 2 O, 3, is greater than permitted
[16:27:14] Explicit valence for atom # 0 N, 4, is greater than permitted
[16:27:14] Explicit valence for atom # 0 N, 4, is greater than permitted
[16:27:15] Explicit valence for atom # 0 N, 4, is greater than permitted
[16:27:18] Explicit valence for atom # 84 N, 4, is greater than permitted
[16:27:19] SMILES Parse Error: syntax error for input: 'OC1=CC=CC(=C1)C-1=C2\CCC(=N2)\C(=C2/N\C(\C=C2)=C(/C2=N/C(/C=C2)=C(\C2=CC=C\-1N2)C1=CC(O)=CC=C1)C1=CC(O)=CC=C1)\C1=CC(O)=CC=C1'
[16:27:19] Explicit valence for atom # 0 N, 4, is greater than permitted
[16:27:20] Explicit valence for atom # 2 O, 3, is greater than permitted
[16:27:21] Explicit valence for atom # 0 N, 4, is greater than permitted
[16:27:21] Explicit valence for atom # 0 N, 4, is greater than permitted
[16:27:22] Explicit valence for atom # 0 N, 4, is greater than permitted
[16:27:25] Explicit valence for atom # 84 N, 4, is greater than permitted
[16:27:26] SMILES Parse Error: syntax error for input: 'OC1=CC=CC(=C1)C-1=C2\CCC(=N2)\C(=C2/N\C(\C=C2)=C(/C2=N/C(/C=C2)=C(\C2=CC=C\-1N2)C1=CC(O)=CC=C1)C1=CC(O)=CC=C1)\C1=CC(O)=CC=C1'
[16:27:26] Explicit valence for atom # 0 N, 4, is greater than permitted
[16:27:27] Explicit valence for atom # 2 O, 3, is greater than permitted
[16:27:28] Explicit valence for atom # 0 N, 4, is greater than permitted
[16:27:28] Explicit valence for atom # 0 N, 4, is greater than permitted
[16:27:29] Explicit valence for atom # 0 N, 4, is greater than permitted
[16:27:32] Explicit valence for atom # 84 N, 4, is greater than permitted
[16:27:32] SMILES Parse Error: syntax error for input: 'OC1=CC=CC(=C1)C-1=C2\CCC(=N2)\C(=C2/N\C(\C=C2)=C(/C2=N/C(/C=C2)=C(\C2=CC=C\-1N2)C1=CC(O)=CC=C1)C1=CC(O)=CC=C1)\C1=CC(O)=CC=C1'
[16:27:33] Explicit valence for atom # 0 N, 4, is greater than permitted
[16:27:34] Explicit valence for atom # 2 O, 3, is greater than permitted
[16:27:35] Explicit valence for atom # 0 N, 4, is greater than permitted
[16:27:35] Explicit valence for atom # 0 N, 4, is greater than permitted
[16:27:36] Explicit valence for atom # 0 N, 4, is greater than permitted
[16:27:39] Explicit valence for atom # 84 N, 4, is greater than permitted
[16:27:39] SMILES Parse Error: syntax error for input: 'OC1=CC=CC(=C1)C-1=C2\CCC(=N2)\C(=C2/N\C(\C=C2)=C(/C2=N/C(/C=C2)=C(\C2=CC=C\-1N2)C1=CC(O)=CC=C1)C1=CC(O)=CC=C1)\C1=CC(O)=CC=C1'
[16:27:40] Explicit valence for atom # 0 N, 4, is greater than permitted
[16:27:41] Explicit valence for atom # 2 O, 3, is greater than permitted
[16:27:42] Explicit valence for atom # 0 N, 4, is greater than permitted
[16:27:42] Explicit valence for atom # 0 N, 4, is greater than permitted
[16:27:43] Explicit valence for atom # 0 N, 4, is greater than permitted
[16:27:46] Explicit valence for atom # 84 N, 4, is greater than permitted
[16:27:46] SMILES Parse Error: syntax error for input: 'OC1=CC=CC(=C1)C-1=C2\CCC(=N2)\C(=C2/N\C(\C=C2)=C(/C2=N/C(/C=C2)=C(\C2=CC=C\-1N2)C1=CC(O)=CC=C1)C1=CC(O)=CC=C1)\C1=CC(O)=CC=C1'
[16:27:47] Explicit valence for atom # 0 N, 4, is greater than permitted
[16:27:48] Explicit valence for atom # 2 O, 3, is greater than permitted
[16:27:48] Explicit valence for atom # 0 N, 4, is greater than permitted
[16:27:48] Explicit valence for atom # 0 N, 4, is greater than permitted
[16:27:50] Explicit valence for atom # 0 N, 4, is greater than permitted
[16:27:53] Explicit valence for atom # 84 N, 4, is greater than permitted
[16:27:53] SMILES Parse Error: syntax error for input: 'OC1=CC=CC(=C1)C-1=C2\CCC(=N2)\C(=C2/N\C(\C=C2)=C(/C2=N/C(/C=C2)=C(\C2=CC=C\-1N2)C1=CC(O)=CC=C1)C1=CC(O)=CC=C1)\C1=CC(O)=CC=C1'
[16:27:53] Explicit valence for atom # 0 N, 4, is greater than permitted

[('tr|Q91RS4|Q91RS4_9', 'Q91RS4', 99.45, 1, 181, 'DB06290', 'Simeprevir', 'approved', 'DB00200', 'Hydroxocobalamin', 'approved', 0.75), ('tr|Q91RS4|Q91RS4_9', 'Q91RS4', 99.45, 1, 181, 'DB06290', 'Simeprevir', 'approved', 'DB00290', 'Bleomycin', 'approved; investigational', 0.71), ('tr|Q91RS4|Q91RS4_9', 'Q91RS4', 99.45, 1, 181, 'DB06290', 'Simeprevir', 'approved', 'DB00309', 'Vindesine', 'approved; investigational', 0.73), ('tr|Q91RS4|Q91RS4_9', 'Q91RS4', 99.45, 1, 181, 'DB06290', 'Simeprevir', 'approved', 'DB00361', 'Vinorelbine', 'approved; investigational', 0.74), ('tr|Q91RS4|Q91RS4_9', 'Q91RS4', 99.45, 1, 181, 'DB06290', 'Simeprevir', 'approved', 'DB00541', 'Vincristine', 'approved; investigational', 0.74), ('tr|Q91RS4|Q91RS4_9', 'Q91RS4', 99.45, 1, 181, 'DB06290', 'Simeprevir', 'approved', 'DB00570', 'Vinblastine', 'approved', 0.74), ('tr|Q91RS4|Q91RS4_9', 'Q91RS4', 99.45, 1, 181, 'DB06290', 'Simeprevir', 'approved', 'DB03614', 'Mecobalamin', 'approved; investigational', 0.75), ('tr|Q91RS4|Q91RS4_9', 'Q91RS4', 99.45, 1, 181, 'DB06290', 'Simeprevir', 'approved', 'DB05109', 'Trabectedin', 'approved; investigational', 0.71), ('tr|Q91RS4|Q91RS4_9', 'Q91RS4', 99.45, 1, 181, 'DB06290', 'Simeprevir', 'approved', 'DB06290', 'Simeprevir', 'approved', 1.0), ('tr|Q91RS4|Q91RS4_9', 'Q91RS4', 99.45, 1, 181, 'DB06290', 'Simeprevir', 'approved', 'DB09297', 'Paritaprevir', 'approved; investigational', 0.71), ('tr|Q91RS4|Q91RS4_9', 'Q91RS4', 99.45, 1, 181, 'DB06290', 'Simeprevir', 'approved', 'DB11191', 'Cobamamide', 'approved', 0.75), ('tr|Q91RS4|Q91RS4_9', 'Q91RS4', 99.45, 1, 181, 'DB06290', 'Simeprevir', 'approved', 'DB11575', 'Grazoprevir', 'approved', 0.7), ('tr|Q91RS4|Q91RS4_9', 'Q91RS4', 99.45, 1, 181, 'DB06290', 'Simeprevir', 'approved', 'DB11641', 'Vinflunine', 'approved; investigational', 0.74), ('tr|Q91RS4|Q91RS4_9', 'Q91RS4', 99.45, 1, 181, 'DB06290', 'Simeprevir', 'approved', 'DB11691', 'Naldemedine', 'approved; investigational', 0.71), ('tr|Q91RS4|Q91RS4_9', 'Q91RS4', 99.45, 1, 181, 'DB06290', 'Simeprevir', 'approved', 'DB12026', 'Voxilaprevir', 'approved; investigational', 0.71), ('tr|Q91RS4|Q91RS4_9', 'Q91RS4', 99.45, 1, 181, 'DB06290', 'Simeprevir', 'approved', 'DB12674', 'Lurbinectedin', 'approved; investigational', 0.73), ('tr|Q91RS4|Q91RS4_9', 'Q91RS4', 99.45, 1, 181, 'DB07582', 'N-[(2R,3S)-1-((2S)-2-{[(CYCLOPENTYLAMINO)CARBONYL]AMINO}-3-METHYLBUTANOYL)-2-(1-FORMYL-1-CYCLOBUTYL)PYRROLIDINYL]CYCLOPROPANECARBOXAMIDE', 'experimental', '-', 'Sorry! Cannot find', 'structurally similar', 'approved molecules'), ('tr|Q91RS4|Q91RS4_9', 'Q91RS4', 99.45, 1, 181, 'DB13879', 'Glecaprevir', 'approved; investigational', 'DB00115', 'Cyanocobalamin', 'approved; nutraceutical', 0.72), ('tr|Q91RS4|Q91RS4_9', 'Q91RS4', 99.45, 1, 181, 'DB13879', 'Glecaprevir', 'approved; investigational', 'DB00200', 'Hydroxocobalamin', 'approved', 0.78), ('tr|Q91RS4|Q91RS4_9', 'Q91RS4', 99.45, 1, 181, 'DB13879', 'Glecaprevir', 'approved; investigational', 'DB00290', 'Bleomycin', 'approved; investigational', 0.73), ('tr|Q91RS4|Q91RS4_9', 'Q91RS4', 99.45, 1, 181, 'DB13879', 'Glecaprevir', 'approved; investigational', 'DB00309', 'Vindesine', 'approved; investigational', 0.75), ('tr|Q91RS4|Q91RS4_9', 'Q91RS4', 99.45, 1, 181, 'DB13879', 'Glecaprevir', 'approved; investigational', 'DB00320', 'Dihydroergotamine', 'approved; investigational', 0.7), ('tr|Q91RS4|Q91RS4_9', 'Q91RS4', 99.45, 1, 181, 'DB13879', 'Glecaprevir', 'approved; investigational', 'DB00361', 'Vinorelbine', 'approved; investigational', 0.76), ('tr|Q91RS4|Q91RS4_9', 'Q91RS4', 99.45, 1, 181, 'DB13879', 'Glecaprevir', 'approved; investigational', 'DB00512', 'Vancomycin', 'approved', 0.71), ('tr|Q91RS4|Q91RS4_9', 'Q91RS4', 99.45, 1, 181, 'DB13879', 'Glecaprevir', 'approved; investigational', 'DB00541', 'Vincristine', 'approved; investigational', 0.76), ('tr|Q91RS4|Q91RS4_9', 'Q91RS4', 99.45, 1, 181, 'DB13879', 'Glecaprevir', 'approved; investigational', 'DB00570', 'Vinblastine', 'approved', 0.76), ('tr|Q91RS4|Q91RS4_9', 'Q91RS4', 99.45, 1, 181, 'DB13879', 'Glecaprevir', 'approved; investigational', 'DB00615', 'Rifabutin', 'approved; investigational', 0.72), ('tr|Q91RS4|Q91RS4_9', 'Q91RS4', 99.45, 1, 181, 'DB13879', 'Glecaprevir', 'approved; investigational', 'DB00696', 'Ergotamine', 'approved', 0.72), ('tr|Q91RS4|Q91RS4_9', 'Q91RS4', 99.45, 1, 181, 'DB13879', 'Glecaprevir', 'approved; investigational', 'DB00970', 'Dactinomycin', 'approved; investigational', 0.72), ('tr|Q91RS4|Q91RS4_9', 'Q91RS4', 99.45, 1, 181, 'DB13879', 'Glecaprevir', 'approved; investigational', 'DB01200', 'Bromocriptine', 'approved; investigational', 0.72), ('tr|Q91RS4|Q91RS4_9', 'Q91RS4', 99.45, 1, 181, 'DB13879', 'Glecaprevir', 'approved; investigational', 'DB03614', 'Mecobalamin', 'approved; investigational', 0.78), ('tr|Q91RS4|Q91RS4_9', 'Q91RS4', 99.45, 1, 181, 'DB13879', 'Glecaprevir', 'approved; investigational', 'DB04911', 'Oritavancin', 'approved; investigational', 0.73), ('tr|Q91RS4|Q91RS4_9', 'Q91RS4', 99.45, 1, 181, 'DB13879', 'Glecaprevir', 'approved; investigational', 'DB05109', 'Trabectedin', 'approved; investigational', 0.74), ('tr|Q91RS4|Q91RS4_9', 'Q91RS4', 99.45, 1, 181, 'DB13879', 'Glecaprevir', 'approved; investigational', 'DB06402', 'Telavancin', 'approved', 0.73), ('tr|Q91RS4|Q91RS4_9', 'Q91RS4', 99.45, 1, 181, 'DB13879', 'Glecaprevir', 'approved; investigational', 'DB09297', 'Paritaprevir', 'approved; investigational', 0.73), ('tr|Q91RS4|Q91RS4_9', 'Q91RS4', 99.45, 1, 181, 'DB13879', 'Glecaprevir', 'approved; investigational', 'DB11191', 'Cobamamide', 'approved', 0.78), ('tr|Q91RS4|Q91RS4_9', 'Q91RS4', 99.45, 1, 181, 'DB13879', 'Glecaprevir', 'approved; investigational', 'DB11275', 'Epicriptine', 'approved', 0.7), ('tr|Q91RS4|Q91RS4_9', 'Q91RS4', 99.45, 1, 181, 'DB13879', 'Glecaprevir', 'approved; investigational', 'DB11575', 'Grazoprevir', 'approved', 0.84), ('tr|Q91RS4|Q91RS4_9', 'Q91RS4', 99.45, 1, 181, 'DB13879', 'Glecaprevir', 'approved; investigational', 'DB11586', 'Asunaprevir', 'approved; investigational; withdrawn', 0.74), ('tr|Q91RS4|Q91RS4_9', 'Q91RS4', 99.45, 1, 181, 'DB13879', 'Glecaprevir', 'approved; investigational', 'DB11641', 'Vinflunine', 'approved; investigational', 0.76), ('tr|Q91RS4|Q91RS4_9', 'Q91RS4', 99.45, 1, 181, 'DB13879', 'Glecaprevir', 'approved; investigational', 'DB11691', 'Naldemedine', 'approved; investigational', 0.72), ('tr|Q91RS4|Q91RS4_9', 'Q91RS4', 99.45, 1, 181, 'DB13879', 'Glecaprevir', 'approved; investigational', 'DB12026', 'Voxilaprevir', 'approved; investigational', 0.9), ('tr|Q91RS4|Q91RS4_9', 'Q91RS4', 99.45, 1, 181, 'DB13879', 'Glecaprevir', 'approved; investigational', 'DB12674', 'Lurbinectedin', 'approved; investigational', 0.76), ('tr|Q91RS4|Q91RS4_9', 'Q91RS4', 99.45, 1, 181, 'DB13879', 'Glecaprevir', 'approved; investigational', 'DB13345', 'Dihydroergocristine', 'approved; experimental', 0.71), ('tr|Q91RS4|Q91RS4_9', 'Q91RS4', 99.45, 1, 181, 'DB13879', 'Glecaprevir', 'approved; investigational', 'DB13879', 'Glecaprevir', 'approved; investigational', 1.0), ('tr|Q91RS4|Q91RS4_9', 'Q91RS4', 99.45, 1, 181, 'DB13879', 'Glecaprevir', 'approved; investigational', 'DB13997', 'Baloxavir marboxil', 'approved; investigational', 0.71), ('tr|Q91RS4|Q91RS4_9', 'Q99AU2', 99.45, 1027, 1207, 'DB06913', '(3R)-3-[3,5-Bis(trifluoromethyl)anilino]-2-cyano-3-sulfanylpropanamide', 'experimental', '-', 'Sorry! Cannot find', 'structurally similar', 'approved molecules'), ('tr|Q91RS4|Q91RS4_9', 'Q99AU2', 99.45, 1027, 1207, 'DB07085', '2-{[N-(2-ACETYL-5-CHLORO-4-FLUOROPHENYL)GLYCYL]AMINO}BENZOIC ACID', 'experimental', '-', 'Sorry! Cannot find', 'structurally similar', 'approved molecules'), ('tr|Q91RS4|Q91RS4_9', 'Q99AU2', 99.45, 1027, 1207, 'DB07185', '2-{[(4-CHLOROPHENOXY)ACETYL]AMINO}BENZOIC ACID', 'experimental', '-', 'Sorry! Cannot find', 'structurally similar', 'approved molecules'), ('tr|Q91RS4|Q91RS4_9', 'Q99AU2', 99.45, 1027, 1207, 'DB07273', '1-[(2-AMINO-4-CHLORO-5-METHYLPHENYL)SULFONYL]-L-PROLINE', 'experimental', '-', 'Sorry! Cannot find', 'structurally similar', 'approved molecules'), ('tr|Q91RS4|Q91RS4_9', 'Q99AU2', 99.45, 1027, 1207, 'DB07275', '3-(1,1-dioxido-4H-1,2,4-benzothiadiazin-3-yl)-4-hydroxy-1-(3-methylbutyl)quinolin-2(1H)-one', 'experimental', '-', 'Sorry! Cannot find', 'structurally similar', 'approved molecules'), ('tr|Q91RS4|Q91RS4_9', 'Q99AU2', 99.45, 1027, 1207, 'DB07547', '5-(4-CYANOPHENYL)-3-{[(2-METHYLPHENYL)SULFONYL]AMINO}THIOPHENE-2-CARBOXYLIC ACID', 'experimental', '-', 'Sorry! Cannot find', 'structurally similar', 'approved molecules'), ('tr|Q91RS4|Q91RS4_9', 'Q99AU2', 99.45, 1027, 1207, 'DB07770', '5-(4-FLUOROPHENYL)-3-{[(4-METHYLPHENYL)SULFONYL]AMINO}THIOPHENE-2-CARBOXYLIC ACID', 'experimental', '-', 'Sorry! Cannot find', 'structurally similar', 'approved molecules'), ('tr|Q91RS4|Q91RS4_9', 'Q99AU2', 99.45, 1027, 1207, 'DB08556', "5'-ACETYL-4-{[(2,4-DIMETHYLPHENYL)SULFONYL]AMINO}-2,2'-BITHIOPHENE-5-CARBOXYLIC ACID", 'experimental', '-', 'Sorry! Cannot find', 'structurally similar', 'approved molecules'), ('tr|Q91RS4|Q91RS4_9', 'P26662', 99.45, 1027, 1207, 'DB01720', '(2Z)-2-(Benzoylamino)-3-[4-(2-bromophenoxy)phenyl]acrylic acid', 'experimental', '-', 'Sorry! Cannot find', 'structurally similar', 'approved molecules'), ('tr|Q91RS4|Q91RS4_9', 'P26662', 99.45, 1027, 1207, 'DB04005', "Uridine 5'-triphosphate", 'experimental; investigational', 'DB00987', 'Cytarabine', 'approved; investigational', 0.72), ('tr|Q91RS4|Q91RS4_9', 'P26662', 99.45, 1027, 1207, 'DB04005', "Uridine 5'-triphosphate", 'experimental; investigational', 'DB09144', 'Uridine triacetate', 'approved; investigational', 0.74), ('tr|Q91RS4|Q91RS4_9', 'P26662', 99.45, 1027, 1207, 'DB04005', "Uridine 5'-triphosphate", 'experimental; investigational', 'DB12153', 'Citicoline', 'approved; experimental', 0.83), ('tr|Q91RS4|Q91RS4_9', 'P26664', 99.45, 1027, 1207, 'DB05868', 'Ciluprevir', 'investigational', 'DB00200', 'Hydroxocobalamin', 'approved', 0.72), ('tr|Q91RS4|Q91RS4_9', 'P26664', 99.45, 1027, 1207, 'DB05868', 'Ciluprevir', 'investigational', 'DB00361', 'Vinorelbine', 'approved; investigational', 0.7), ('tr|Q91RS4|Q91RS4_9', 'P26664', 99.45, 1027, 1207, 'DB05868', 'Ciluprevir', 'investigational', 'DB03614', 'Mecobalamin', 'approved; investigational', 0.72), ('tr|Q91RS4|Q91RS4_9', 'P26664', 99.45, 1027, 1207, 'DB05868', 'Ciluprevir', 'investigational', 'DB06290', 'Simeprevir', 'approved', 0.71), ('tr|Q91RS4|Q91RS4_9', 'P26664', 99.45, 1027, 1207, 'DB05868', 'Ciluprevir', 'investigational', 'DB11191', 'Cobamamide', 'approved', 0.72), ('tr|Q91RS4|Q91RS4_9', 'P26664', 99.45, 1027, 1207, 'DB05868', 'Ciluprevir', 'investigational', 'DB11641', 'Vinflunine', 'approved; investigational', 0.71), ('tr|Q91RS4|Q91RS4_9', 'P26664', 99.45, 1027, 1207, 'DB05868', 'Ciluprevir', 'investigational', 'DB12674', 'Lurbinectedin', 'approved; investigational', 0.71), ('tr|Q91RS4|Q91RS4_9', 'P26664', 99.45, 1027, 1207, 'DB06058', 'XTL-6865', 'investigational', 'DB00200', 'Hydroxocobalamin', 'approved', 0.72), ('tr|Q91RS4|Q91RS4_9', 'P26664', 99.45, 1027, 1207, 'DB06058', 'XTL-6865', 'investigational', 'DB00361', 'Vinorelbine', 'approved; investigational', 0.7), ('tr|Q91RS4|Q91RS4_9', 'P26664', 99.45, 1027, 1207, 'DB06058', 'XTL-6865', 'investigational', 'DB03614', 'Mecobalamin', 'approved; investigational', 0.72), ('tr|Q91RS4|Q91RS4_9', 'P26664', 99.45, 1027, 1207, 'DB06058', 'XTL-6865', 'investigational', 'DB06290', 'Simeprevir', 'approved', 0.71), ('tr|Q91RS4|Q91RS4_9', 'P26664', 99.45, 1027, 1207, 'DB06058', 'XTL-6865', 'investigational', 'DB11191', 'Cobamamide', 'approved', 0.72), ('tr|Q91RS4|Q91RS4_9', 'P26664', 99.45, 1027, 1207, 'DB06058', 'XTL-6865', 'investigational', 'DB11641', 'Vinflunine', 'approved; investigational', 0.71), ('tr|Q91RS4|Q91RS4_9', 'P26664', 99.45, 1027, 1207, 'DB06058', 'XTL-6865', 'investigational', 'DB12674', 'Lurbinectedin', 'approved; investigational', 0.71), ('tr|Q91RS4|Q91RS4_9', 'P26664', 99.45, 1027, 1207, 'DB07582', 'N-[(2R,3S)-1-((2S)-2-{[(CYCLOPENTYLAMINO)CARBONYL]AMINO}-3-METHYLBUTANOYL)-2-(1-FORMYL-1-CYCLOBUTYL)PYRROLIDINYL]CYCLOPROPANECARBOXAMIDE', 'experimental', '-', 'Sorry! Cannot find', 'structurally similar', 'approved molecules'), ('tr|Q91RS4|Q91RS4_9', 'P26664', 99.45, 1027, 1207, 'DB11779', 'Danoprevir', 'investigational', 'DB09297', 'Paritaprevir', 'approved; investigational', 0.71), ('tr|Q91RS4|Q91RS4_9', 'P26664', 99.45, 1027, 1207, 'DB11779', 'Danoprevir', 'investigational', 'DB11575', 'Grazoprevir', 'approved', 0.73), ('tr|Q91RS4|Q91RS4_9', 'P26664', 99.45, 1027, 1207, 'DB11779', 'Danoprevir', 'investigational', 'DB11586', 'Asunaprevir', 'approved; investigational; withdrawn', 0.73), ('tr|Q91RS4|Q91RS4_9', 'P26664', 99.45, 1027, 1207, 'DB11779', 'Danoprevir', 'investigational', 'DB13879', 'Glecaprevir', 'approved; investigational', 0.7), ('tr|Q91RS4|Q91RS4_9', 'Q9WMX2', 99.45, 1027, 1207, 'DB07238', 'Nesbuvir', 'investigational', '-', 'Sorry! Cannot find', 'structurally similar', 'approved molecules'), ('tr|Q91RS4|Q91RS4_9', 'P26663', 99.45, 1027, 1207, 'DB02331', '(2s)-2-[(5-Benzofuran-2-Yl-Thiophen-2-Ylmethyl)-(2,4-Dichloro-Benzoyl)-Amino]-3-Phenyl-Propionic Acid', 'experimental', '-', 'Sorry! Cannot find', 'structurally similar', 'approved molecules'), ('tr|Q91RS4|Q91RS4_9', 'P26663', 99.45, 1027, 1207, 'DB03605', '(2s)-2-[(2,4-Dichloro-Benzoyl)-(3-Trifluoromethyl-Benzyl)-Amino]-3-Phenyl-Propionic Acid', 'experimental', '-', 'Sorry! Cannot find', 'structurally similar', 'approved molecules'), ('tr|Q91RS4|Q91RS4_9', 'P26663', 99.45, 1027, 1207, 'DB04005', "Uridine 5'-triphosphate", 'experimental; investigational', 'DB00987', 'Cytarabine', 'approved; investigational', 0.72), ('tr|Q91RS4|Q91RS4_9', 'P26663', 99.45, 1027, 1207, 'DB04005', "Uridine 5'-triphosphate", 'experimental; investigational', 'DB09144', 'Uridine triacetate', 'approved; investigational', 0.74), ('tr|Q91RS4|Q91RS4_9', 'P26663', 99.45, 1027, 1207, 'DB04005', "Uridine 5'-triphosphate", 'experimental; investigational', 'DB12153', 'Citicoline', 'approved; experimental', 0.83), ('tr|Q91RS4|Q91RS4_9', 'P26663', 99.45, 1027, 1207, 'DB04137', "Guanosine-5'-Triphosphate", 'experimental', 'DB00131', 'Adenosine phosphate', 'approved; investigational; nutraceutical', 0.79), ('tr|Q91RS4|Q91RS4_9', 'P26663', 99.45, 1027, 1207, 'DB04137', "Guanosine-5'-Triphosphate", 'experimental', 'DB00157', 'NADH', 'approved; nutraceutical', 0.74), ('tr|Q91RS4|Q91RS4_9', 'P26663', 99.45, 1027, 1207, 'DB04137', "Guanosine-5'-Triphosphate", 'experimental', 'DB00194', 'Vidarabine', 'approved; investigational', 0.73), ('tr|Q91RS4|Q91RS4_9', 'P26663', 99.45, 1027, 1207, 'DB04137', "Guanosine-5'-Triphosphate", 'experimental', 'DB00640', 'Adenosine', 'approved; investigational', 0.73), ('tr|Q91RS4|Q91RS4_9', 'P26663', 99.45, 1027, 1207, 'DB04137', "Guanosine-5'-Triphosphate", 'experimental', 'DB01073', 'Fludarabine', 'approved', 0.72), ('tr|Q91RS4|Q91RS4_9', 'P26663', 99.45, 1027, 1207, 'DB04137', "Guanosine-5'-Triphosphate", 'experimental', 'DB01280', 'Nelarabine', 'approved; investigational', 0.75), ('tr|Q91RS4|Q91RS4_9', 'P26663', 99.45, 1027, 1207, 'DB04137', "Guanosine-5'-Triphosphate", 'experimental', 'DB03147', 'Flavin adenine dinucleotide', 'approved', 0.72), ('tr|Q91RS4|Q91RS4_9', 'P26663', 99.45, 1027, 1207, 'DB04137', "Guanosine-5'-Triphosphate", 'experimental', 'DB05528', 'Mipomersen', 'approved; investigational', 0.74), ('tr|Q91RS4|Q91RS4_9', 'P26663', 99.45, 1027, 1207, 'DB04137', "Guanosine-5'-Triphosphate", 'experimental', 'DB06441', 'Cangrelor', 'approved', 0.72), ('tr|Q91RS4|Q91RS4_9', 'P26663', 99.45, 1027, 1207, 'DB04137', "Guanosine-5'-Triphosphate", 'experimental', 'DB13156', 'Inosine pranobex', 'approved', 0.78), ('tr|Q91RS4|Q91RS4_9', 'P26663', 99.45, 1027, 1207, 'DB04298', '3-(4-Amino-2-Tert-Butyl-5-Methyl-Phenylsulfanyl)-6-Cyclopentyl-4-Hydroxy-6-[2-(4-Hydroxy-Phenyl)-Ethyl]-5,6-Dihydro-Pyran-2-One', 'experimental', '-', 'Sorry! Cannot find', 'structurally similar', 'approved molecules'), ('tr|Q91RS4|Q91RS4_9', 'P26663', 99.45, 1027, 1207, 'DB06974', '5-hydroxy-4-(7-methoxy-1,1-dioxido-2H-1,2,4-benzothiadiazin-3-yl)-2-(3-methylbutyl)-6-phenylpyridazin-3(2H)-one', 'experimental', 'DB00200', 'Hydroxocobalamin', 'approved', 0.75), ('tr|Q91RS4|Q91RS4_9', 'P26663', 99.45, 1027, 1207, 'DB06974', '5-hydroxy-4-(7-methoxy-1,1-dioxido-2H-1,2,4-benzothiadiazin-3-yl)-2-(3-methylbutyl)-6-phenylpyridazin-3(2H)-one', 'experimental', 'DB00309', 'Vindesine', 'approved; investigational', 0.73), ('tr|Q91RS4|Q91RS4_9', 'P26663', 99.45, 1027, 1207, 'DB06974', '5-hydroxy-4-(7-methoxy-1,1-dioxido-2H-1,2,4-benzothiadiazin-3-yl)-2-(3-methylbutyl)-6-phenylpyridazin-3(2H)-one', 'experimental', 'DB00361', 'Vinorelbine', 'approved; investigational', 0.73), ('tr|Q91RS4|Q91RS4_9', 'P26663', 99.45, 1027, 1207, 'DB06974', '5-hydroxy-4-(7-methoxy-1,1-dioxido-2H-1,2,4-benzothiadiazin-3-yl)-2-(3-methylbutyl)-6-phenylpyridazin-3(2H)-one', 'experimental', 'DB00541', 'Vincristine', 'approved; investigational', 0.73), ('tr|Q91RS4|Q91RS4_9', 'P26663', 99.45, 1027, 1207, 'DB06974', '5-hydroxy-4-(7-methoxy-1,1-dioxido-2H-1,2,4-benzothiadiazin-3-yl)-2-(3-methylbutyl)-6-phenylpyridazin-3(2H)-one', 'experimental', 'DB00570', 'Vinblastine', 'approved', 0.73), ('tr|Q91RS4|Q91RS4_9', 'P26663', 99.45, 1027, 1207, 'DB06974', '5-hydroxy-4-(7-methoxy-1,1-dioxido-2H-1,2,4-benzothiadiazin-3-yl)-2-(3-methylbutyl)-6-phenylpyridazin-3(2H)-one', 'experimental', 'DB03614', 'Mecobalamin', 'approved; investigational', 0.75), ('tr|Q91RS4|Q91RS4_9', 'P26663', 99.45, 1027, 1207, 'DB06974', '5-hydroxy-4-(7-methoxy-1,1-dioxido-2H-1,2,4-benzothiadiazin-3-yl)-2-(3-methylbutyl)-6-phenylpyridazin-3(2H)-one', 'experimental', 'DB04911', 'Oritavancin', 'approved; investigational', 0.7), ('tr|Q91RS4|Q91RS4_9', 'P26663', 99.45, 1027, 1207, 'DB06974', '5-hydroxy-4-(7-methoxy-1,1-dioxido-2H-1,2,4-benzothiadiazin-3-yl)-2-(3-methylbutyl)-6-phenylpyridazin-3(2H)-one', 'experimental', 'DB05109', 'Trabectedin', 'approved; investigational', 0.7), ('tr|Q91RS4|Q91RS4_9', 'P26663', 99.45, 1027, 1207, 'DB06974', '5-hydroxy-4-(7-methoxy-1,1-dioxido-2H-1,2,4-benzothiadiazin-3-yl)-2-(3-methylbutyl)-6-phenylpyridazin-3(2H)-one', 'experimental', 'DB11191', 'Cobamamide', 'approved', 0.75), ('tr|Q91RS4|Q91RS4_9', 'P26663', 99.45, 1027, 1207, 'DB06974', '5-hydroxy-4-(7-methoxy-1,1-dioxido-2H-1,2,4-benzothiadiazin-3-yl)-2-(3-methylbutyl)-6-phenylpyridazin-3(2H)-one', 'experimental', 'DB11641', 'Vinflunine', 'approved; investigational', 0.73), ('tr|Q91RS4|Q91RS4_9', 'P26663', 99.45, 1027, 1207, 'DB06974', '5-hydroxy-4-(7-methoxy-1,1-dioxido-2H-1,2,4-benzothiadiazin-3-yl)-2-(3-methylbutyl)-6-phenylpyridazin-3(2H)-one', 'experimental', 'DB12674', 'Lurbinectedin', 'approved; investigational', 0.72), ('tr|Q91RS4|Q91RS4_9', 'P26663', 99.45, 1027, 1207, 'DB07062', 'N-{3-[4-Hydroxy-1-(3-methylbutyl)-2-oxo-1,2-dihydropyrrolo[1,2-b]pyridazin-3-yl]-1,1-dioxido-2H-1,2,4-benzothiadiazin-7-yl}methanesulfonamide', 'experimental', 'DB00115', 'Cyanocobalamin', 'approved; nutraceutical', 0.71), ('tr|Q91RS4|Q91RS4_9', 'P26663', 99.45, 1027, 1207, 'DB07062', 'N-{3-[4-Hydroxy-1-(3-methylbutyl)-2-oxo-1,2-dihydropyrrolo[1,2-b]pyridazin-3-yl]-1,1-dioxido-2H-1,2,4-benzothiadiazin-7-yl}methanesulfonamide', 'experimental', 'DB00200', 'Hydroxocobalamin', 'approved', 0.77), ('tr|Q91RS4|Q91RS4_9', 'P26663', 99.45, 1027, 1207, 'DB07062', 'N-{3-[4-Hydroxy-1-(3-methylbutyl)-2-oxo-1,2-dihydropyrrolo[1,2-b]pyridazin-3-yl]-1,1-dioxido-2H-1,2,4-benzothiadiazin-7-yl}methanesulfonamide', 'experimental', 'DB00309', 'Vindesine', 'approved; investigational', 0.74), ('tr|Q91RS4|Q91RS4_9', 'P26663', 99.45, 1027, 1207, 'DB07062', 'N-{3-[4-Hydroxy-1-(3-methylbutyl)-2-oxo-1,2-dihydropyrrolo[1,2-b]pyridazin-3-yl]-1,1-dioxido-2H-1,2,4-benzothiadiazin-7-yl}methanesulfonamide', 'experimental', 'DB00361', 'Vinorelbine', 'approved; investigational', 0.75), ('tr|Q91RS4|Q91RS4_9', 'P26663', 99.45, 1027, 1207, 'DB07062', 'N-{3-[4-Hydroxy-1-(3-methylbutyl)-2-oxo-1,2-dihydropyrrolo[1,2-b]pyridazin-3-yl]-1,1-dioxido-2H-1,2,4-benzothiadiazin-7-yl}methanesulfonamide', 'experimental', 'DB00541', 'Vincristine', 'approved; investigational', 0.75), ('tr|Q91RS4|Q91RS4_9', 'P26663', 99.45, 1027, 1207, 'DB07062', 'N-{3-[4-Hydroxy-1-(3-methylbutyl)-2-oxo-1,2-dihydropyrrolo[1,2-b]pyridazin-3-yl]-1,1-dioxido-2H-1,2,4-benzothiadiazin-7-yl}methanesulfonamide', 'experimental', 'DB00570', 'Vinblastine', 'approved', 0.75), ('tr|Q91RS4|Q91RS4_9', 'P26663', 99.45, 1027, 1207, 'DB07062', 'N-{3-[4-Hydroxy-1-(3-methylbutyl)-2-oxo-1,2-dihydropyrrolo[1,2-b]pyridazin-3-yl]-1,1-dioxido-2H-1,2,4-benzothiadiazin-7-yl}methanesulfonamide', 'experimental', 'DB00615', 'Rifabutin', 'approved; investigational', 0.71), ('tr|Q91RS4|Q91RS4_9', 'P26663', 99.45, 1027, 1207, 'DB07062', 'N-{3-[4-Hydroxy-1-(3-methylbutyl)-2-oxo-1,2-dihydropyrrolo[1,2-b]pyridazin-3-yl]-1,1-dioxido-2H-1,2,4-benzothiadiazin-7-yl}methanesulfonamide', 'experimental', 'DB01200', 'Bromocriptine', 'approved; investigational', 0.71), ('tr|Q91RS4|Q91RS4_9', 'P26663', 99.45, 1027, 1207, 'DB07062', 'N-{3-[4-Hydroxy-1-(3-methylbutyl)-2-oxo-1,2-dihydropyrrolo[1,2-b]pyridazin-3-yl]-1,1-dioxido-2H-1,2,4-benzothiadiazin-7-yl}methanesulfonamide', 'experimental', 'DB03614', 'Mecobalamin', 'approved; investigational', 0.77), ('tr|Q91RS4|Q91RS4_9', 'P26663', 99.45, 1027, 1207, 'DB07062', 'N-{3-[4-Hydroxy-1-(3-methylbutyl)-2-oxo-1,2-dihydropyrrolo[1,2-b]pyridazin-3-yl]-1,1-dioxido-2H-1,2,4-benzothiadiazin-7-yl}methanesulfonamide', 'experimental', 'DB04911', 'Oritavancin', 'approved; investigational', 0.71), ('tr|Q91RS4|Q91RS4_9', 'P26663', 99.45, 1027, 1207, 'DB07062', 'N-{3-[4-Hydroxy-1-(3-methylbutyl)-2-oxo-1,2-dihydropyrrolo[1,2-b]pyridazin-3-yl]-1,1-dioxido-2H-1,2,4-benzothiadiazin-7-yl}methanesulfonamide', 'experimental', 'DB05109', 'Trabectedin', 'approved; investigational', 0.72), ('tr|Q91RS4|Q91RS4_9', 'P26663', 99.45, 1027, 1207, 'DB07062', 'N-{3-[4-Hydroxy-1-(3-methylbutyl)-2-oxo-1,2-dihydropyrrolo[1,2-b]pyridazin-3-yl]-1,1-dioxido-2H-1,2,4-benzothiadiazin-7-yl}methanesulfonamide', 'experimental', 'DB06402', 'Telavancin', 'approved', 0.71), ('tr|Q91RS4|Q91RS4_9', 'P26663', 99.45, 1027, 1207, 'DB07062', 'N-{3-[4-Hydroxy-1-(3-methylbutyl)-2-oxo-1,2-dihydropyrrolo[1,2-b]pyridazin-3-yl]-1,1-dioxido-2H-1,2,4-benzothiadiazin-7-yl}methanesulfonamide', 'experimental', 'DB11191', 'Cobamamide', 'approved', 0.77), ('tr|Q91RS4|Q91RS4_9', 'P26663', 99.45, 1027, 1207, 'DB07062', 'N-{3-[4-Hydroxy-1-(3-methylbutyl)-2-oxo-1,2-dihydropyrrolo[1,2-b]pyridazin-3-yl]-1,1-dioxido-2H-1,2,4-benzothiadiazin-7-yl}methanesulfonamide', 'experimental', 'DB11641', 'Vinflunine', 'approved; investigational', 0.75), ('tr|Q91RS4|Q91RS4_9', 'P26663', 99.45, 1027, 1207, 'DB07062', 'N-{3-[4-Hydroxy-1-(3-methylbutyl)-2-oxo-1,2-dihydropyrrolo[1,2-b]pyridazin-3-yl]-1,1-dioxido-2H-1,2,4-benzothiadiazin-7-yl}methanesulfonamide', 'experimental', 'DB11691', 'Naldemedine', 'approved; investigational', 0.71), ('tr|Q91RS4|Q91RS4_9', 'P26663', 99.45, 1027, 1207, 'DB07062', 'N-{3-[4-Hydroxy-1-(3-methylbutyl)-2-oxo-1,2-dihydropyrrolo[1,2-b]pyridazin-3-yl]-1,1-dioxido-2H-1,2,4-benzothiadiazin-7-yl}methanesulfonamide', 'experimental', 'DB12674', 'Lurbinectedin', 'approved; investigational', 0.74), ('tr|Q91RS4|Q91RS4_9', 'P26663', 99.45, 1027, 1207, 'DB07169', '5R-(3,4-DICHLOROPHENYLMETHYL)-3-(2-THIOPHENESULFONYLAMINO)-4-OXO-2-THIONOTHIAZOLIDINE', 'experimental', '-', 'Sorry! Cannot find', 'structurally similar', 'approved molecules'), ('tr|Q91RS4|Q91RS4_9', 'P26663', 99.45, 1027, 1207, 'DB07199', '(2S,4S,5R)-1-(4-TERT-BUTYLBENZOYL)-2-ISOBUTYL-5-(1,3-THIAZOL-2-YL)PYRROLIDINE-2,4-DICARBOXYLIC ACID', 'experimental', '-', 'Sorry! Cannot find', 'structurally similar', 'approved molecules'), ('tr|Q91RS4|Q91RS4_9', 'P26663', 99.45, 1027, 1207, 'DB07200', '(2S,4S,5R)-2-ISOBUTYL-5-(2-THIENYL)-1-[4-(TRIFLUOROMETHYL)BENZOYL]PYRROLIDINE-2,4-DICARBOXYLIC ACID', 'experimental', '-', 'Sorry! Cannot find', 'structurally similar', 'approved molecules'), ('tr|Q91RS4|Q91RS4_9', 'P26663', 99.45, 1027, 1207, 'DB07238', 'Nesbuvir', 'investigational', '-', 'Sorry! Cannot find', 'structurally similar', 'approved molecules'), ('tr|Q91RS4|Q91RS4_9', 'P26663', 99.45, 1027, 1207, 'DB07414', '(5S)-1-benzyl-3-(1,1-dioxido-1,2-benzisothiazol-3-yl)-4-hydroxy-5-(1-methylethyl)-1,5-dihydro-2H-pyrrol-2-one', 'experimental', 'DB00200', 'Hydroxocobalamin', 'approved', 0.71), ('tr|Q91RS4|Q91RS4_9', 'P26663', 99.45, 1027, 1207, 'DB07414', '(5S)-1-benzyl-3-(1,1-dioxido-1,2-benzisothiazol-3-yl)-4-hydroxy-5-(1-methylethyl)-1,5-dihydro-2H-pyrrol-2-one', 'experimental', 'DB00361', 'Vinorelbine', 'approved; investigational', 0.7), ('tr|Q91RS4|Q91RS4_9', 'P26663', 99.45, 1027, 1207, 'DB07414', '(5S)-1-benzyl-3-(1,1-dioxido-1,2-benzisothiazol-3-yl)-4-hydroxy-5-(1-methylethyl)-1,5-dihydro-2H-pyrrol-2-one', 'experimental', 'DB03614', 'Mecobalamin', 'approved; investigational', 0.71), ('tr|Q91RS4|Q91RS4_9', 'P26663', 99.45, 1027, 1207, 'DB07414', '(5S)-1-benzyl-3-(1,1-dioxido-1,2-benzisothiazol-3-yl)-4-hydroxy-5-(1-methylethyl)-1,5-dihydro-2H-pyrrol-2-one', 'experimental', 'DB11191', 'Cobamamide', 'approved', 0.71), ('tr|Q91RS4|Q91RS4_9', 'P26663', 99.45, 1027, 1207, 'DB07414', '(5S)-1-benzyl-3-(1,1-dioxido-1,2-benzisothiazol-3-yl)-4-hydroxy-5-(1-methylethyl)-1,5-dihydro-2H-pyrrol-2-one', 'experimental', 'DB11641', 'Vinflunine', 'approved; investigational', 0.7), ('tr|Q91RS4|Q91RS4_9', 'P26663', 99.45, 1027, 1207, 'DB07570', '3-CYCLOHEXYL-1-(2-MORPHOLIN-4-YL-2-OXOETHYL)-2-PHENYL-1H-INDOLE-6-CARBOXYLIC ACID', 'experimental', '-', 'Sorry! Cannot find', 'structurally similar', 'approved molecules'), ('tr|Q91RS4|Q91RS4_9', 'P26663', 99.45, 1027, 1207, 'DB08031', 'N-[(13-CYCLOHEXYL-6,7-DIHYDROINDOLO[1,2-D][1,4]BENZOXAZEPIN-10-YL)CARBONYL]-2-METHYL-L-ALANINE', 'experimental', 'DB11191', 'Cobamamide', 'approved', 0.7), ('tr|Q91RS4|Q91RS4_9', 'P26663', 99.45, 1027, 1207, 'DB08278', '1-(2-cyclopropylethyl)-3-(1,1-dioxo-2H-1,2,4-benzothiadiazin-3-yl)-6-fluoro-4-hydroxy-2(1H)-quinolinone', 'experimental', 'DB00200', 'Hydroxocobalamin', 'approved', 0.71), ('tr|Q91RS4|Q91RS4_9', 'P26663', 99.45, 1027, 1207, 'DB08278', '1-(2-cyclopropylethyl)-3-(1,1-dioxo-2H-1,2,4-benzothiadiazin-3-yl)-6-fluoro-4-hydroxy-2(1H)-quinolinone', 'experimental', 'DB00361', 'Vinorelbine', 'approved; investigational', 0.7), ('tr|Q91RS4|Q91RS4_9', 'P26663', 99.45, 1027, 1207, 'DB08278', '1-(2-cyclopropylethyl)-3-(1,1-dioxo-2H-1,2,4-benzothiadiazin-3-yl)-6-fluoro-4-hydroxy-2(1H)-quinolinone', 'experimental', 'DB03614', 'Mecobalamin', 'approved; investigational', 0.71), ('tr|Q91RS4|Q91RS4_9', 'P26663', 99.45, 1027, 1207, 'DB08278', '1-(2-cyclopropylethyl)-3-(1,1-dioxo-2H-1,2,4-benzothiadiazin-3-yl)-6-fluoro-4-hydroxy-2(1H)-quinolinone', 'experimental', 'DB11191', 'Cobamamide', 'approved', 0.72), ('tr|Q91RS4|Q91RS4_9', 'P26663', 99.45, 1027, 1207, 'DB08278', '1-(2-cyclopropylethyl)-3-(1,1-dioxo-2H-1,2,4-benzothiadiazin-3-yl)-6-fluoro-4-hydroxy-2(1H)-quinolinone', 'experimental', 'DB11641', 'Vinflunine', 'approved; investigational', 0.7), ('tr|Q91RS4|Q91RS4_9', 'P26663', 99.45, 1027, 1207, 'DB08279', '3-{ISOPROPYL[(TRANS-4-METHYLCYCLOHEXYL)CARBONYL]AMINO}-5-PHENYLTHIOPHENE-2-CARBOXYLIC ACID', 'experimental', '-', 'Sorry! Cannot find', 'structurally similar', 'approved molecules'), ('tr|Q91RS4|Q91RS4_9', 'P26663', 99.45, 1027, 1207, 'DB08390', '(6S)-6-CYCLOPENTYL-6-[2-(3-FLUORO-4-ISOPROPOXYPHENYL)ETHYL]-4-HYDROXY-5,6-DIHYDRO-2H-PYRAN-2-ONE', 'experimental', '-', 'Sorry! Cannot find', 'structurally similar', 'approved molecules'), ('tr|Q91RS4|Q91RS4_9', 'P26663', 99.45, 1027, 1207, 'DB08481', '4-Methyl-N-[5-(5-methyl-furan-2-ylmethylene)-4-oxo-thiazolidin-2-ylidene]-benzenesulfonamide', 'experimental', '-', 'Sorry! Cannot find', 'structurally similar', 'approved molecules'), ('tr|Q91RS4|Q91RS4_9', 'P26663', 99.45, 1027, 1207, 'DB08578', '4-[(5-bromopyridin-2-yl)amino]-4-oxobutanoic acid', 'experimental', '-', 'Sorry! Cannot find', 'structurally similar', 'approved molecules'), ('tr|Q91RS4|Q91RS4_9', 'P26663', 99.45, 1027, 1207, 'DB08579', '4-bromo-2-{[(3R,5S)-3,5-dimethylpiperidin-1-yl]carbonyl}aniline', 'experimental', '-', 'Sorry! Cannot find', 'structurally similar', 'approved molecules'), ('tr|Q91RS4|Q91RS4_9', 'P26663', 99.45, 1027, 1207, 'DB08580', '4-bromo-2-{[(2R)-2-(2-chlorobenzyl)pyrrolidin-1-yl]carbonyl}aniline', 'experimental', '-', 'Sorry! Cannot find', 'structurally similar', 'approved molecules'), ('tr|Q91RS4|Q91RS4_9', 'P26663', 99.45, 1027, 1207, 'DB08581', '4-[(4-bromo-2-{[(3R,5S)-3,5-dimethylpiperidin-1-yl]carbonyl}phenyl)amino]-4-oxobutanoic acid', 'experimental', '-', 'Sorry! Cannot find', 'structurally similar', 'approved molecules'), ('tr|Q91RS4|Q91RS4_9', 'P26663', 99.45, 1027, 1207, 'DB08582', 'N-(4-bromo-2-{[(3R,5S)-3,5-dimethylpiperidin-1-yl]carbonyl}phenyl)-4-morpholin-4-yl-4-oxobutanamide', 'experimental', '-', 'Sorry! Cannot find', 'structurally similar', 'approved molecules'), ('tr|Q91RS4|Q91RS4_9', 'P26663', 99.45, 1027, 1207, 'DB08701', '2-(3-BROMOPHENYL)-6-[(2-HYDROXYETHYL)AMINO]-1H-BENZO[DE]ISOQUINOLINE-1,3(2H)-DIONE', 'experimental', '-', 'Sorry! Cannot find', 'structurally similar', 'approved molecules'), ('tr|Q91RS4|Q91RS4_9', 'P26663', 99.45, 1027, 1207, 'DB08706', '(2S)-({(5Z)-5-[(5-Ethyl-2-furyl)methylene]-4-oxo-4,5-dihydro-1,3-thiazol-2-yl}amino)(4-fluorophenyl)acetic acid', 'experimental', '-', 'Sorry! Cannot find', 'structurally similar', 'approved molecules'), ('tr|Q91RS4|Q91RS4_9', 'P26663', 99.45, 1027, 1207, 'DB08710', '(5Z)-5-[(5-ethylfuran-2-yl)methylidene]-2-[[(S)-(4-fluorophenyl)-(2H-tetrazol-5-yl)methyl]amino]-1,3-thiazol-4-one', 'experimental', '-', 'Sorry! Cannot find', 'structurally similar', 'approved molecules'), ('tr|Q91RS4|Q91RS4_9', 'P26663', 99.45, 1027, 1207, 'DB11586', 'Asunaprevir', 'approved; investigational; withdrawn', 'DB09297', 'Paritaprevir', 'approved; investigational', 0.83), ('tr|Q91RS4|Q91RS4_9', 'P26663', 99.45, 1027, 1207, 'DB11586', 'Asunaprevir', 'approved; investigational; withdrawn', 'DB11575', 'Grazoprevir', 'approved', 0.8), ('tr|Q91RS4|Q91RS4_9', 'P26663', 99.45, 1027, 1207, 'DB11586', 'Asunaprevir', 'approved; investigational; withdrawn', 'DB11586', 'Asunaprevir', 'approved; investigational; withdrawn', 1.0), ('tr|Q91RS4|Q91RS4_9', 'P26663', 99.45, 1027, 1207, 'DB11586', 'Asunaprevir', 'approved; investigational; withdrawn', 'DB12026', 'Voxilaprevir', 'approved; investigational', 0.75), ('tr|Q91RS4|Q91RS4_9', 'P26663', 99.45, 1027, 1207, 'DB11586', 'Asunaprevir', 'approved; investigational; withdrawn', 'DB13879', 'Glecaprevir', 'approved; investigational', 0.74), ('tr|Q91RS4|Q91RS4_9', 'P27958', 99.45, 1027, 1207, 'DB08644', '{1-[2-(1-FORMYL-PROPYL)-3-METHANESULFONYLAMINO-PYRROLIDINE-1-CARBONYL]-2-METHYL-PROPYL}-CARBAMIC ACID TERT-BUTYL ESTER', 'experimental', '-', 'Sorry! Cannot find', 'structurally similar', 'approved molecules'), ('tr|Q91RS4|Q91RS4_9', 'O92972', 99.45, 1027, 1207, 'DB08747', '(11R)-10-acetyl-11-(2,4-dichlorophenyl)-6-hydroxy-3,3-dimethyl-2,3,4,5,10,11-hexahydro-1H-dibenzo[b,e][1,4]diazepin-1-one', 'experimental', 'DB00115', 'Cyanocobalamin', 'approved; nutraceutical', 0.7), ('tr|Q91RS4|Q91RS4_9', 'O92972', 99.45, 1027, 1207, 'DB08747', '(11R)-10-acetyl-11-(2,4-dichlorophenyl)-6-hydroxy-3,3-dimethyl-2,3,4,5,10,11-hexahydro-1H-dibenzo[b,e][1,4]diazepin-1-one', 'experimental', 'DB00200', 'Hydroxocobalamin', 'approved', 0.75), ('tr|Q91RS4|Q91RS4_9', 'O92972', 99.45, 1027, 1207, 'DB08747', '(11R)-10-acetyl-11-(2,4-dichlorophenyl)-6-hydroxy-3,3-dimethyl-2,3,4,5,10,11-hexahydro-1H-dibenzo[b,e][1,4]diazepin-1-one', 'experimental', 'DB00309', 'Vindesine', 'approved; investigational', 0.73), ('tr|Q91RS4|Q91RS4_9', 'O92972', 99.45, 1027, 1207, 'DB08747', '(11R)-10-acetyl-11-(2,4-dichlorophenyl)-6-hydroxy-3,3-dimethyl-2,3,4,5,10,11-hexahydro-1H-dibenzo[b,e][1,4]diazepin-1-one', 'experimental', 'DB00361', 'Vinorelbine', 'approved; investigational', 0.74), ('tr|Q91RS4|Q91RS4_9', 'O92972', 99.45, 1027, 1207, 'DB08747', '(11R)-10-acetyl-11-(2,4-dichlorophenyl)-6-hydroxy-3,3-dimethyl-2,3,4,5,10,11-hexahydro-1H-dibenzo[b,e][1,4]diazepin-1-one', 'experimental', 'DB00541', 'Vincristine', 'approved; investigational', 0.74), ('tr|Q91RS4|Q91RS4_9', 'O92972', 99.45, 1027, 1207, 'DB08747', '(11R)-10-acetyl-11-(2,4-dichlorophenyl)-6-hydroxy-3,3-dimethyl-2,3,4,5,10,11-hexahydro-1H-dibenzo[b,e][1,4]diazepin-1-one', 'experimental', 'DB00570', 'Vinblastine', 'approved', 0.74), ('tr|Q91RS4|Q91RS4_9', 'O92972', 99.45, 1027, 1207, 'DB08747', '(11R)-10-acetyl-11-(2,4-dichlorophenyl)-6-hydroxy-3,3-dimethyl-2,3,4,5,10,11-hexahydro-1H-dibenzo[b,e][1,4]diazepin-1-one', 'experimental', 'DB00615', 'Rifabutin', 'approved; investigational', 0.71), ('tr|Q91RS4|Q91RS4_9', 'O92972', 99.45, 1027, 1207, 'DB08747', '(11R)-10-acetyl-11-(2,4-dichlorophenyl)-6-hydroxy-3,3-dimethyl-2,3,4,5,10,11-hexahydro-1H-dibenzo[b,e][1,4]diazepin-1-one', 'experimental', 'DB03614', 'Mecobalamin', 'approved; investigational', 0.75), ('tr|Q91RS4|Q91RS4_9', 'O92972', 99.45, 1027, 1207, 'DB08747', '(11R)-10-acetyl-11-(2,4-dichlorophenyl)-6-hydroxy-3,3-dimethyl-2,3,4,5,10,11-hexahydro-1H-dibenzo[b,e][1,4]diazepin-1-one', 'experimental', 'DB05109', 'Trabectedin', 'approved; investigational', 0.71), ('tr|Q91RS4|Q91RS4_9', 'O92972', 99.45, 1027, 1207, 'DB08747', '(11R)-10-acetyl-11-(2,4-dichlorophenyl)-6-hydroxy-3,3-dimethyl-2,3,4,5,10,11-hexahydro-1H-dibenzo[b,e][1,4]diazepin-1-one', 'experimental', 'DB11191', 'Cobamamide', 'approved', 0.75), ('tr|Q91RS4|Q91RS4_9', 'O92972', 99.45, 1027, 1207, 'DB08747', '(11R)-10-acetyl-11-(2,4-dichlorophenyl)-6-hydroxy-3,3-dimethyl-2,3,4,5,10,11-hexahydro-1H-dibenzo[b,e][1,4]diazepin-1-one', 'experimental', 'DB11641', 'Vinflunine', 'approved; investigational', 0.74), ('tr|Q91RS4|Q91RS4_9', 'O92972', 99.45, 1027, 1207, 'DB08747', '(11R)-10-acetyl-11-(2,4-dichlorophenyl)-6-hydroxy-3,3-dimethyl-2,3,4,5,10,11-hexahydro-1H-dibenzo[b,e][1,4]diazepin-1-one', 'experimental', 'DB11691', 'Naldemedine', 'approved; investigational', 0.71), ('tr|Q91RS4|Q91RS4_9', 'O92972', 99.45, 1027, 1207, 'DB08747', '(11R)-10-acetyl-11-(2,4-dichlorophenyl)-6-hydroxy-3,3-dimethyl-2,3,4,5,10,11-hexahydro-1H-dibenzo[b,e][1,4]diazepin-1-one', 'experimental', 'DB12674', 'Lurbinectedin', 'approved; investigational', 0.73), ('tr|Q91RS4|Q91RS4_9', 'B0B3C9', 99.45, 1, 181, 'DB05521', 'Telaprevir', 'approved; withdrawn', 'DB05521', 'Telaprevir', 'approved; withdrawn', 1.0), ('tr|Q91RS4|Q91RS4_9', 'B0B3C9', 99.45, 1, 181, 'DB08873', 'Boceprevir', 'approved; withdrawn', 'DB08873', 'Boceprevir', 'approved; withdrawn', 1.0), ('tr|Q91RS4|Q91RS4_9', 'B0B3C9', 99.45, 1, 181, 'DB09297', 'Paritaprevir', 'approved; investigational', 'DB00200', 'Hydroxocobalamin', 'approved', 0.71), ('tr|Q91RS4|Q91RS4_9', 'B0B3C9', 99.45, 1, 181, 'DB09297', 'Paritaprevir', 'approved; investigational', 'DB03614', 'Mecobalamin', 'approved; investigational', 0.7), ('tr|Q91RS4|Q91RS4_9', 'B0B3C9', 99.45, 1, 181, 'DB09297', 'Paritaprevir', 'approved; investigational', 'DB06290', 'Simeprevir', 'approved', 0.71), ('tr|Q91RS4|Q91RS4_9', 'B0B3C9', 99.45, 1, 181, 'DB09297', 'Paritaprevir', 'approved; investigational', 'DB09297', 'Paritaprevir', 'approved; investigational', 1.0), ('tr|Q91RS4|Q91RS4_9', 'B0B3C9', 99.45, 1, 181, 'DB09297', 'Paritaprevir', 'approved; investigational', 'DB11191', 'Cobamamide', 'approved', 0.7), ('tr|Q91RS4|Q91RS4_9', 'B0B3C9', 99.45, 1, 181, 'DB09297', 'Paritaprevir', 'approved; investigational', 'DB11575', 'Grazoprevir', 'approved', 0.78), ('tr|Q91RS4|Q91RS4_9', 'B0B3C9', 99.45, 1, 181, 'DB09297', 'Paritaprevir', 'approved; investigational', 'DB11586', 'Asunaprevir', 'approved; investigational; withdrawn', 0.83), ('tr|Q91RS4|Q91RS4_9', 'B0B3C9', 99.45, 1, 181, 'DB09297', 'Paritaprevir', 'approved; investigational', 'DB12026', 'Voxilaprevir', 'approved; investigational', 0.74), ('tr|Q91RS4|Q91RS4_9', 'B0B3C9', 99.45, 1, 181, 'DB09297', 'Paritaprevir', 'approved; investigational', 'DB13879', 'Glecaprevir', 'approved; investigational', 0.73), ('tr|Q91RS4|Q91RS4_9', 'B0B3C9', 99.45, 1, 181, 'DB11575', 'Grazoprevir', 'approved', 'DB00200', 'Hydroxocobalamin', 'approved', 0.74), ('tr|Q91RS4|Q91RS4_9', 'B0B3C9', 99.45, 1, 181, 'DB11575', 'Grazoprevir', 'approved', 'DB00309', 'Vindesine', 'approved; investigational', 0.72), ('tr|Q91RS4|Q91RS4_9', 'B0B3C9', 99.45, 1, 181, 'DB11575', 'Grazoprevir', 'approved', 'DB00361', 'Vinorelbine', 'approved; investigational', 0.73), ('tr|Q91RS4|Q91RS4_9', 'B0B3C9', 99.45, 1, 181, 'DB11575', 'Grazoprevir', 'approved', 'DB00541', 'Vincristine', 'approved; investigational', 0.72), ('tr|Q91RS4|Q91RS4_9', 'B0B3C9', 99.45, 1, 181, 'DB11575', 'Grazoprevir', 'approved', 'DB00570', 'Vinblastine', 'approved', 0.72), ('tr|Q91RS4|Q91RS4_9', 'B0B3C9', 99.45, 1, 181, 'DB11575', 'Grazoprevir', 'approved', 'DB03614', 'Mecobalamin', 'approved; investigational', 0.74), ('tr|Q91RS4|Q91RS4_9', 'B0B3C9', 99.45, 1, 181, 'DB11575', 'Grazoprevir', 'approved', 'DB05109', 'Trabectedin', 'approved; investigational', 0.7), ('tr|Q91RS4|Q91RS4_9', 'B0B3C9', 99.45, 1, 181, 'DB11575', 'Grazoprevir', 'approved', 'DB06290', 'Simeprevir', 'approved', 0.7), ('tr|Q91RS4|Q91RS4_9', 'B0B3C9', 99.45, 1, 181, 'DB11575', 'Grazoprevir', 'approved', 'DB09297', 'Paritaprevir', 'approved; investigational', 0.78), ('tr|Q91RS4|Q91RS4_9', 'B0B3C9', 99.45, 1, 181, 'DB11575', 'Grazoprevir', 'approved', 'DB11191', 'Cobamamide', 'approved', 0.74), ('tr|Q91RS4|Q91RS4_9', 'B0B3C9', 99.45, 1, 181, 'DB11575', 'Grazoprevir', 'approved', 'DB11575', 'Grazoprevir', 'approved', 1.0), ('tr|Q91RS4|Q91RS4_9', 'B0B3C9', 99.45, 1, 181, 'DB11575', 'Grazoprevir', 'approved', 'DB11586', 'Asunaprevir', 'approved; investigational; withdrawn', 0.8), ('tr|Q91RS4|Q91RS4_9', 'B0B3C9', 99.45, 1, 181, 'DB11575', 'Grazoprevir', 'approved', 'DB11641', 'Vinflunine', 'approved; investigational', 0.73), ('tr|Q91RS4|Q91RS4_9', 'B0B3C9', 99.45, 1, 181, 'DB11575', 'Grazoprevir', 'approved', 'DB12026', 'Voxilaprevir', 'approved; investigational', 0.89), ('tr|Q91RS4|Q91RS4_9', 'B0B3C9', 99.45, 1, 181, 'DB11575', 'Grazoprevir', 'approved', 'DB12674', 'Lurbinectedin', 'approved; investigational', 0.72), ('tr|Q91RS4|Q91RS4_9', 'B0B3C9', 99.45, 1, 181, 'DB11575', 'Grazoprevir', 'approved', 'DB13879', 'Glecaprevir', 'approved; investigational', 0.84), ('tr|Q91RS4|Q91RS4_9', 'B0B3C9', 99.45, 1, 181, 'DB12026', 'Voxilaprevir', 'approved; investigational', 'DB00115', 'Cyanocobalamin', 'approved; nutraceutical', 0.74), ('tr|Q91RS4|Q91RS4_9', 'B0B3C9', 99.45, 1, 181, 'DB12026', 'Voxilaprevir', 'approved; investigational', 'DB00200', 'Hydroxocobalamin', 'approved', 0.8), ('tr|Q91RS4|Q91RS4_9', 'B0B3C9', 99.45, 1, 181, 'DB12026', 'Voxilaprevir', 'approved; investigational', 'DB00256', 'Lymecycline', 'approved; investigational', 0.71), ('tr|Q91RS4|Q91RS4_9', 'B0B3C9', 99.45, 1, 181, 'DB12026', 'Voxilaprevir', 'approved; investigational', 'DB00290', 'Bleomycin', 'approved; investigational', 0.74), ('tr|Q91RS4|Q91RS4_9', 'B0B3C9', 99.45, 1, 181, 'DB12026', 'Voxilaprevir', 'approved; investigational', 'DB00309', 'Vindesine', 'approved; investigational', 0.77), ('tr|Q91RS4|Q91RS4_9', 'B0B3C9', 99.45, 1, 181, 'DB12026', 'Voxilaprevir', 'approved; investigational', 'DB00320', 'Dihydroergotamine', 'approved; investigational', 0.71), ('tr|Q91RS4|Q91RS4_9', 'B0B3C9', 99.45, 1, 181, 'DB12026', 'Voxilaprevir', 'approved; investigational', 'DB00361', 'Vinorelbine', 'approved; investigational', 0.78), ('tr|Q91RS4|Q91RS4_9', 'B0B3C9', 99.45, 1, 181, 'DB12026', 'Voxilaprevir', 'approved; investigational', 'DB00512', 'Vancomycin', 'approved', 0.72), ('tr|Q91RS4|Q91RS4_9', 'B0B3C9', 99.45, 1, 181, 'DB12026', 'Voxilaprevir', 'approved; investigational', 'DB00541', 'Vincristine', 'approved; investigational', 0.78), ('tr|Q91RS4|Q91RS4_9', 'B0B3C9', 99.45, 1, 181, 'DB12026', 'Voxilaprevir', 'approved; investigational', 'DB00560', 'Tigecycline', 'approved', 0.71), ('tr|Q91RS4|Q91RS4_9', 'B0B3C9', 99.45, 1, 181, 'DB12026', 'Voxilaprevir', 'approved; investigational', 'DB00570', 'Vinblastine', 'approved', 0.78), ('tr|Q91RS4|Q91RS4_9', 'B0B3C9', 99.45, 1, 181, 'DB12026', 'Voxilaprevir', 'approved; investigational', 'DB00595', 'Oxytetracycline', 'approved; investigational; vet_approved', 0.71), ('tr|Q91RS4|Q91RS4_9', 'B0B3C9', 99.45, 1, 181, 'DB12026', 'Voxilaprevir', 'approved; investigational', 'DB00615', 'Rifabutin', 'approved; investigational', 0.74), ('tr|Q91RS4|Q91RS4_9', 'B0B3C9', 99.45, 1, 181, 'DB12026', 'Voxilaprevir', 'approved; investigational', 'DB00618', 'Demeclocycline', 'approved', 0.7), ('tr|Q91RS4|Q91RS4_9', 'B0B3C9', 99.45, 1, 181, 'DB12026', 'Voxilaprevir', 'approved; investigational', 'DB00696', 'Ergotamine', 'approved', 0.73), ('tr|Q91RS4|Q91RS4_9', 'B0B3C9', 99.45, 1, 181, 'DB12026', 'Voxilaprevir', 'approved; investigational', 'DB00762', 'Irinotecan', 'approved; investigational', 0.71), ('tr|Q91RS4|Q91RS4_9', 'B0B3C9', 99.45, 1, 181, 'DB12026', 'Voxilaprevir', 'approved; investigational', 'DB00931', 'Metacycline', 'approved; investigational', 0.7), ('tr|Q91RS4|Q91RS4_9', 'B0B3C9', 99.45, 1, 181, 'DB12026', 'Voxilaprevir', 'approved; investigational', 'DB00970', 'Dactinomycin', 'approved; investigational', 0.73), ('tr|Q91RS4|Q91RS4_9', 'B0B3C9', 99.45, 1, 181, 'DB12026', 'Voxilaprevir', 'approved; investigational', 'DB01200', 'Bromocriptine', 'approved; investigational', 0.74), ('tr|Q91RS4|Q91RS4_9', 'B0B3C9', 99.45, 1, 181, 'DB12026', 'Voxilaprevir', 'approved; investigational', 'DB01220', 'Rifaximin', 'approved; investigational', 0.71), ('tr|Q91RS4|Q91RS4_9', 'B0B3C9', 99.45, 1, 181, 'DB12026', 'Voxilaprevir', 'approved; investigational', 'DB01301', 'Rolitetracycline', 'approved', 0.71), ('tr|Q91RS4|Q91RS4_9', 'B0B3C9', 99.45, 1, 181, 'DB12026', 'Voxilaprevir', 'approved; investigational', 'DB03614', 'Mecobalamin', 'approved; investigational', 0.8), ('tr|Q91RS4|Q91RS4_9', 'B0B3C9', 99.45, 1, 181, 'DB12026', 'Voxilaprevir', 'approved; investigational', 'DB04911', 'Oritavancin', 'approved; investigational', 0.74), ('tr|Q91RS4|Q91RS4_9', 'B0B3C9', 99.45, 1, 181, 'DB12026', 'Voxilaprevir', 'approved; investigational', 'DB05109', 'Trabectedin', 'approved; investigational', 0.76), ('tr|Q91RS4|Q91RS4_9', 'B0B3C9', 99.45, 1, 181, 'DB12026', 'Voxilaprevir', 'approved; investigational', 'DB06290', 'Simeprevir', 'approved', 0.71), ('tr|Q91RS4|Q91RS4_9', 'B0B3C9', 99.45, 1, 181, 'DB12026', 'Voxilaprevir', 'approved; investigational', 'DB06402', 'Telavancin', 'approved', 0.74), ('tr|Q91RS4|Q91RS4_9', 'B0B3C9', 99.45, 1, 181, 'DB12026', 'Voxilaprevir', 'approved; investigational', 'DB06590', 'Ceftaroline fosamil', 'approved; investigational', 0.7), ('tr|Q91RS4|Q91RS4_9', 'B0B3C9', 99.45, 1, 181, 'DB12026', 'Voxilaprevir', 'approved; investigational', 'DB09093', 'Chlortetracycline', 'approved; investigational; vet_approved', 0.71), ('tr|Q91RS4|Q91RS4_9', 'B0B3C9', 99.45, 1, 181, 'DB12026', 'Voxilaprevir', 'approved; investigational', 'DB09297', 'Paritaprevir', 'approved; investigational', 0.74), ('tr|Q91RS4|Q91RS4_9', 'B0B3C9', 99.45, 1, 181, 'DB12026', 'Voxilaprevir', 'approved; investigational', 'DB11191', 'Cobamamide', 'approved', 0.8), ('tr|Q91RS4|Q91RS4_9', 'B0B3C9', 99.45, 1, 181, 'DB12026', 'Voxilaprevir', 'approved; investigational', 'DB11273', 'Dihydroergocornine', 'approved', 0.71), ('tr|Q91RS4|Q91RS4_9', 'B0B3C9', 99.45, 1, 181, 'DB12026', 'Voxilaprevir', 'approved; investigational', 'DB11274', 'Dihydro-alpha-ergocryptine', 'approved', 0.71), ('tr|Q91RS4|Q91RS4_9', 'B0B3C9', 99.45, 1, 181, 'DB12026', 'Voxilaprevir', 'approved; investigational', 'DB11275', 'Epicriptine', 'approved', 0.71), ('tr|Q91RS4|Q91RS4_9', 'B0B3C9', 99.45, 1, 181, 'DB12026', 'Voxilaprevir', 'approved; investigational', 'DB11575', 'Grazoprevir', 'approved', 0.89), ('tr|Q91RS4|Q91RS4_9', 'B0B3C9', 99.45, 1, 181, 'DB12026', 'Voxilaprevir', 'approved; investigational', 'DB11586', 'Asunaprevir', 'approved; investigational; withdrawn', 0.75), ('tr|Q91RS4|Q91RS4_9', 'B0B3C9', 99.45, 1, 181, 'DB12026', 'Voxilaprevir', 'approved; investigational', 'DB11613', 'Velpatasvir', 'approved; investigational', 0.7), ('tr|Q91RS4|Q91RS4_9', 'B0B3C9', 99.45, 1, 181, 'DB12026', 'Voxilaprevir', 'approved; investigational', 'DB11641', 'Vinflunine', 'approved; investigational', 0.78), ('tr|Q91RS4|Q91RS4_9', 'B0B3C9', 99.45, 1, 181, 'DB12026', 'Voxilaprevir', 'approved; investigational', 'DB11691', 'Naldemedine', 'approved; investigational', 0.74), ('tr|Q91RS4|Q91RS4_9', 'B0B3C9', 99.45, 1, 181, 'DB12026', 'Voxilaprevir', 'approved; investigational', 'DB12026', 'Voxilaprevir', 'approved; investigational', 1.0), ('tr|Q91RS4|Q91RS4_9', 'B0B3C9', 99.45, 1, 181, 'DB12026', 'Voxilaprevir', 'approved; investigational', 'DB12329', 'Eravacycline', 'approved; investigational', 0.71), ('tr|Q91RS4|Q91RS4_9', 'B0B3C9', 99.45, 1, 181, 'DB12026', 'Voxilaprevir', 'approved; investigational', 'DB12455', 'Omadacycline', 'approved; investigational', 0.72), ('tr|Q91RS4|Q91RS4_9', 'B0B3C9', 99.45, 1, 181, 'DB12026', 'Voxilaprevir', 'approved; investigational', 'DB12674', 'Lurbinectedin', 'approved; investigational', 0.78), ('tr|Q91RS4|Q91RS4_9', 'B0B3C9', 99.45, 1, 181, 'DB12026', 'Voxilaprevir', 'approved; investigational', 'DB13345', 'Dihydroergocristine', 'approved; experimental', 0.72), ('tr|Q91RS4|Q91RS4_9', 'B0B3C9', 99.45, 1, 181, 'DB12026', 'Voxilaprevir', 'approved; investigational', 'DB13879', 'Glecaprevir', 'approved; investigational', 0.9), ('tr|Q91RS4|Q91RS4_9', 'B0B3C9', 99.45, 1, 181, 'DB12026', 'Voxilaprevir', 'approved; investigational', 'DB13997', 'Baloxavir marboxil', 'approved; investigational', 0.72), ('tr|Q91RS4|Q91RS4_9', 'P26660', 99.45, 1031, 1211, 'DB03388', '3-[(2,4-Dichlorobenzoyl)(Isopropyl)Amino]-5-Phenylthiophene-2-Carboxylic Acid', 'experimental', '-', 'Sorry! Cannot find', 'structurally similar', 'approved molecules'), ('tr|Q91RS4|Q91RS4_9', 'P26660', 99.45, 1031, 1211, 'DB03647', '3-[Isopropyl(4-Methylbenzoyl)Amino]-5-Phenylthiophene-2-Carboxylic Acid', 'experimental', '-', 'Sorry! Cannot find', 'structurally similar', 'approved molecules'), ('tr|Q91RS4|Q91RS4_9', 'P26661', 98.9, 1031, 1210, 'DB08701', '2-(3-BROMOPHENYL)-6-[(2-HYDROXYETHYL)AMINO]-1H-BENZO[DE]ISOQUINOLINE-1,3(2H)-DIONE', 'experimental', '-', 'Sorry! Cannot find', 'structurally similar', 'approved molecules')]
