	Number of sequences input by user are: 1

	INITIATIED Homology Search with	
:/prod/www/nslab/NOD/Results/SC_HIV_protease_results_0.123//pyRunHmmer.smry	/prod/www/nslab/NOD/Results/SC_HIV_protease_results_0.123//pyRunHmmer.align	/prod/www/nslab/NOD/Results/SC_HIV_protease_results_0.123//pyRunHmmer.tsv	FASTA	05	FASTA	/prod/www/nslab/NOD/Results/SC_HIV_protease_results_0.123//query.fasta	source/1-DgB_TargetProteins.fasta
	COMPLETED Homology Search

TIME-Homology-Search:	0.65

	FORMATTED: Homology Search output into Tables

TIME-Sanitize-hmmer:	0.02

	Homology table is being FILTERED based on e-value and query coverage

	RETRIEVED: Relevant hits from homology table

TIME-Filter-Table:	0.02
	Entered in MODE-2

	MAPPING the ids onto DrugBank database to find potent compunds

	Extracted DBids from jackHmmer:	DB04623
Find a match against DB04623 in DgBankDB: target

	Extracted DBids from jackHmmer:	DB03141
Find a match against DB03141 in DgBankDB: target

	Extracted DBids from jackHmmer:	DB00224; DB00503; DB00701; DB00932; DB01072; DB01232; DB01264; DB01319; DB01601; DB04887
Find a match against DB00224 in DgBankDB: target
Find a match against  DB00503 in DgBankDB: target
Find a match against  DB00701 in DgBankDB: target
Find a match against  DB00932 in DgBankDB: target
Find a match against  DB01072 in DgBankDB: target
Find a match against  DB01232 in DgBankDB: target
Find a match against  DB01264 in DgBankDB: target
Find a match against  DB01319 in DgBankDB: target
Find a match against  DB01601 in DgBankDB: target
Find a match against  DB04887 in DgBankDB: target

	Extracted DBids from jackHmmer:	DB00220; DB15623
Find a match against DB00220 in DgBankDB: target
Find a match against  DB15623 in DgBankDB: target

	Extracted DBids from jackHmmer:	DB07327; DB07505; DB08041; DB08428; DB08662
Find a match against DB07327 in DgBankDB: target
Find a match against  DB07505 in DgBankDB: target
Find a match against  DB08041 in DgBankDB: target
Find a match against  DB08428 in DgBankDB: target
Find a match against  DB08662 in DgBankDB: target

	Extracted DBids from jackHmmer:	DB02086; DB02994; DB03118; DB03676; DB03963; DB07575; DB08027; DB08231
Find a match against DB02086 in DgBankDB: target
Find a match against  DB02994 in DgBankDB: target
Find a match against  DB03118 in DgBankDB: target
Find a match against  DB03676 in DgBankDB: target
Find a match against  DB03963 in DgBankDB: target
Find a match against  DB07575 in DgBankDB: target
Find a match against  DB08027 in DgBankDB: target
Find a match against  DB08231 in DgBankDB: target

	Extracted DBids from jackHmmer:	DB01887; DB02804; DB04353
Find a match against DB01887 in DgBankDB: target
Find a match against  DB02804 in DgBankDB: target
Find a match against  DB04353 in DgBankDB: target

	Extracted DBids from jackHmmer:	DB07910; DB08115
Find a match against DB07910 in DgBankDB: target
Find a match against  DB08115 in DgBankDB: target

	Extracted DBids from jackHmmer:	DB01732; DB01824; DB01887; DB01891; DB02009; DB02033; DB02629; DB02683; DB02704; DB02768; DB02785; DB02972; DB03076; DB03141; DB03803; DB03908; DB04042; DB04190; DB04255; DB04547; DB05398; DB05871; DB06414; DB06874; DB07018; DB07035; DB07327; DB07332; DB07337; DB07343; DB07451; DB07578; DB07806; DB07885; DB07961; DB08034; DB08212; DB08281; DB08282; DB08284; DB08372; DB08414; DB08428; DB08457; DB08598; DB08600; DB08639
Find a match against DB01732 in DgBankDB: target
Find a match against  DB01824 in DgBankDB: target
Find a match against  DB01887 in DgBankDB: target
Find a match against  DB01891 in DgBankDB: target
Find a match against  DB02009 in DgBankDB: target
Find a match against  DB02033 in DgBankDB: target
Find a match against  DB02629 in DgBankDB: target
Find a match against  DB02683 in DgBankDB: target
Find a match against  DB02704 in DgBankDB: target
Find a match against  DB02768 in DgBankDB: target
Find a match against  DB02785 in DgBankDB: target
Find a match against  DB02972 in DgBankDB: target
Find a match against  DB03076 in DgBankDB: target
Find a match against  DB03141 in DgBankDB: target
Find a match against  DB03803 in DgBankDB: target
Find a match against  DB03908 in DgBankDB: target
Find a match against  DB04042 in DgBankDB: target
Find a match against  DB04190 in DgBankDB: target
Find a match against  DB04255 in DgBankDB: target
Find a match against  DB04547 in DgBankDB: target
Find a match against  DB05398 in DgBankDB: target
Find a match against  DB05871 in DgBankDB: target
Find a match against  DB06414 in DgBankDB: target
Find a match against  DB06874 in DgBankDB: target
Find a match against  DB07018 in DgBankDB: target
Find a match against  DB07035 in DgBankDB: target
Find a match against  DB07327 in DgBankDB: target
Find a match against  DB07332 in DgBankDB: target
Find a match against  DB07337 in DgBankDB: target
Find a match against  DB07343 in DgBankDB: target
Find a match against  DB07451 in DgBankDB: target
Find a match against  DB07578 in DgBankDB: target
Find a match against  DB07806 in DgBankDB: target
Find a match against  DB07885 in DgBankDB: target
Find a match against  DB07961 in DgBankDB: target
Find a match against  DB08034 in DgBankDB: target
Find a match against  DB08212 in DgBankDB: target
Find a match against  DB08281 in DgBankDB: target
Find a match against  DB08282 in DgBankDB: target
Find a match against  DB08284 in DgBankDB: target
Find a match against  DB08372 in DgBankDB: target
Find a match against  DB08414 in DgBankDB: target
Find a match against  DB08428 in DgBankDB: target
Find a match against  DB08457 in DgBankDB: target
Find a match against  DB08598 in DgBankDB: target
Find a match against  DB08600 in DgBankDB: target
Find a match against  DB08639 in DgBankDB: target

	Extracted DBids from jackHmmer:	DB01721
Find a match against DB01721 in DgBankDB: target

	Extracted DBids from jackHmmer:	DB02102; DB02702; DB02729; DB04609; DB05328; DB06414; DB06581; DB06910; DB07184; DB07332; DB07472; DB07473; DB07781; DB07797; DB07820; DB07826; DB07864; DB07867; DB07868; DB07869; DB07871; DB07884; DB07892; DB07910; DB08154; DB08188; DB08211; DB08286; DB08372; DB08379; DB08444; DB08446; DB08459; DB08460; DB08494; DB08502; DB08528; DB08598; DB08634; DB08665; DB08680; DB08681; DB08682; DB13119
Find a match against DB02102 in DgBankDB: target
Find a match against  DB02702 in DgBankDB: target
Find a match against  DB02729 in DgBankDB: target
Find a match against  DB04609 in DgBankDB: target
Find a match against  DB05328 in DgBankDB: target
Find a match against  DB06414 in DgBankDB: target
Find a match against  DB06581 in DgBankDB: target
Find a match against  DB06910 in DgBankDB: target
Find a match against  DB07184 in DgBankDB: target
Find a match against  DB07332 in DgBankDB: target
Find a match against  DB07472 in DgBankDB: target
Find a match against  DB07473 in DgBankDB: target
Find a match against  DB07781 in DgBankDB: target
Find a match against  DB07797 in DgBankDB: target
Find a match against  DB07820 in DgBankDB: target
Find a match against  DB07826 in DgBankDB: target
Find a match against  DB07864 in DgBankDB: target
Find a match against  DB07867 in DgBankDB: target
Find a match against  DB07868 in DgBankDB: target
Find a match against  DB07869 in DgBankDB: target
Find a match against  DB07871 in DgBankDB: target
Find a match against  DB07884 in DgBankDB: target
Find a match against  DB07892 in DgBankDB: target
Find a match against  DB07910 in DgBankDB: target
Find a match against  DB08154 in DgBankDB: target
Find a match against  DB08188 in DgBankDB: target
Find a match against  DB08211 in DgBankDB: target
Find a match against  DB08286 in DgBankDB: target
Find a match against  DB08372 in DgBankDB: target
Find a match against  DB08379 in DgBankDB: target
Find a match against  DB08444 in DgBankDB: target
Find a match against  DB08446 in DgBankDB: target
Find a match against  DB08459 in DgBankDB: target
Find a match against  DB08460 in DgBankDB: target
Find a match against  DB08494 in DgBankDB: target
Find a match against  DB08502 in DgBankDB: target
Find a match against  DB08528 in DgBankDB: target
Find a match against  DB08598 in DgBankDB: target
Find a match against  DB08634 in DgBankDB: target
Find a match against  DB08665 in DgBankDB: target
Find a match against  DB08680 in DgBankDB: target
Find a match against  DB08681 in DgBankDB: target
Find a match against  DB08682 in DgBankDB: target
Find a match against  DB13119 in DgBankDB: target

	Extracted DBids from jackHmmer:	DB02411; DB02668; DB03768; DB04454; DB04886; DB05228; DB05644; DB07679; DB07910; DB08622
Find a match against DB02411 in DgBankDB: target
Find a match against  DB02668 in DgBankDB: target
Find a match against  DB03768 in DgBankDB: target
Find a match against  DB04454 in DgBankDB: target
Find a match against  DB04886 in DgBankDB: target
Find a match against  DB05228 in DgBankDB: target
Find a match against  DB05644 in DgBankDB: target
Find a match against  DB07679 in DgBankDB: target
Find a match against  DB07910 in DgBankDB: target
Find a match against  DB08622 in DgBankDB: target

	Extracted DBids from jackHmmer:	DB07722
Find a match against DB07722 in DgBankDB: target

	Extracted DBids from jackHmmer:	DB02428; DB04490; DB07581; DB07634; DB08231; DB08274; DB08286; DB08421; DB08474; DB08663; DB08664; DB08686
Find a match against DB02428 in DgBankDB: target
Find a match against  DB04490 in DgBankDB: target
Find a match against  DB07581 in DgBankDB: target
Find a match against  DB07634 in DgBankDB: target
Find a match against  DB08231 in DgBankDB: target
Find a match against  DB08274 in DgBankDB: target
Find a match against  DB08286 in DgBankDB: target
Find a match against  DB08421 in DgBankDB: target
Find a match against  DB08474 in DgBankDB: target
Find a match against  DB08663 in DgBankDB: target
Find a match against  DB08664 in DgBankDB: target
Find a match against  DB08686 in DgBankDB: target

	Extracted DBids from jackHmmer:	DB04191
Find a match against DB04191 in DgBankDB: target

	Extracted DBids from jackHmmer:	DB07499; DB08331
Find a match against DB07499 in DgBankDB: target
Find a match against  DB08331 in DgBankDB: target

	Extracted DBids from jackHmmer:	DB03413
Find a match against DB03413 in DgBankDB: target

	Extracted DBids from jackHmmer:	DB01891; DB02333; DB03435; DB03800; DB07365; DB08253
Find a match against DB01891 in DgBankDB: target
Find a match against  DB02333 in DgBankDB: target
Find a match against  DB03435 in DgBankDB: target
Find a match against  DB03800 in DgBankDB: target
Find a match against  DB07365 in DgBankDB: target
Find a match against  DB08253 in DgBankDB: target

	Extracted DBids from jackHmmer:	DB02413
Find a match against DB02413 in DgBankDB: target

	FETCHED: Potent Drugbank compounds details

TIME-MODE2_DBmap-Run:	53.09

SMILES for DbId:DB04623	CCOCCOC(=O)N[C@@H](Cc1ccccc1)[C@@H](O)C[C@]2(Cc3ccccc3)NC=C(C2=O)[C@@H]4[C@H](OC(=O)N5)[C@H]5c(c46)cccc6

Cutoff Cleared for query DBid DB04623

Tcoff above 0.7	0.72

Cutoff Cleared for query DBid DB04623

Tcoff above 0.7	0.77

Cutoff Cleared for query DBid DB04623

Tcoff above 0.7	0.7

Cutoff Cleared for query DBid DB04623

Tcoff above 0.7	0.71

Cutoff Cleared for query DBid DB04623

Tcoff above 0.7	0.71

Cutoff Cleared for query DBid DB04623

Tcoff above 0.7	0.76

Cutoff Cleared for query DBid DB04623

Tcoff above 0.7	0.76

Cutoff Cleared for query DBid DB04623

Tcoff above 0.7	0.76

Cutoff Cleared for query DBid DB04623

Tcoff above 0.7	0.71

Cutoff Cleared for query DBid DB04623

Tcoff above 0.7	0.76

Cutoff Cleared for query DBid DB04623

Tcoff above 0.7	0.71

Cutoff Cleared for query DBid DB04623

Tcoff above 0.7	0.72

Cutoff Cleared for query DBid DB04623

Tcoff above 0.7	0.7

Cutoff Cleared for query DBid DB04623

Tcoff above 0.7	0.71

Cutoff Cleared for query DBid DB04623

Tcoff above 0.7	0.71

Cutoff Cleared for query DBid DB04623

Tcoff above 0.7	0.71

Cutoff Cleared for query DBid DB04623

Tcoff above 0.7	0.77

Cutoff Cleared for query DBid DB04623

Tcoff above 0.7	0.72

Cutoff Cleared for query DBid DB04623

Tcoff above 0.7	0.73

Cutoff Cleared for query DBid DB04623

Tcoff above 0.7	0.71

Cutoff Cleared for query DBid DB04623

Tcoff above 0.7	0.71

Cutoff Cleared for query DBid DB04623

Tcoff above 0.7	0.77

Cutoff Cleared for query DBid DB04623

Tcoff above 0.7	0.76

Cutoff Cleared for query DBid DB04623

Tcoff above 0.7	0.75

Cutoff Cleared for query DBid DB04623

Tcoff above 0.7	0.71

Cutoff Cleared for query DBid DB04623

Tcoff above 0.7	0.7

Cutoff Cleared for query DBid DB04623

Tcoff above 0.7	0.76

SMILES for DbId:DB03141	N#Cc1cccc(c1)S(=O)(=O)N2C[C@@H](O)[C@@H](Cc3ccccc3)N(Cc4ccc(O)cc4)C(=O)N2Cc5ccc(O)cc5

Cutoff Cleared for query DBid DB03141

Tcoff above 0.7	0.7

Cutoff Cleared for query DBid DB03141

Tcoff above 0.7	0.71

SMILES for DbId:DB00224	c1ncccc1CN2C[C@@H](C(=O)NC(C)(C)C)N(CC2)C[C@@H](O)C[C@@H](Cc3ccccc3)C(=O)N[C@@H]4[C@H](O)Cc(c45)cccc5

Cutoff Cleared for query DBid DB00224

Tcoff above 0.7	1.0

Cutoff Cleared for query DBid DB00224

Tcoff above 0.7	1.0

SMILES for DbId:DB00503	CC(C)c1nc(cs1)CN(C)C(=O)N[C@@H](C(C)C)C(=O)N[C@@H](Cc2ccccc2)C[C@H](O)[C@H](Cc3ccccc3)NC(=O)OCc4cncs4

Cutoff Cleared for query DBid DB00503

Tcoff above 0.7	1.0

Cutoff Cleared for query DBid DB00503

Tcoff above 0.7	0.86

SMILES for DbId:DB00701	Nc1ccc(cc1)S(=O)(=O)N(CC(C)C)C[C@@H](O)[C@H](Cc2ccccc2)NC(=O)O[C@H]3CCOC3

Cutoff Cleared for query DBid DB00701

Tcoff above 0.7	1.0

Cutoff Cleared for query DBid DB00701

Tcoff above 0.7	0.86

Cutoff Cleared for query DBid DB00701

Tcoff above 0.7	0.86

SMILES for DbId:DB00932	FC(F)(F)c1ccc(nc1)S(=O)(=O)Nc2cccc(c2)[C@@H](CC)C(=C(O)C3)C(=O)O[C@]3(CCC)CCc4ccccc4

Cutoff Cleared for query DBid DB00932

Tcoff above 0.7	1.0

SMILES for DbId:DB01072	COC(=O)N[C@@H](C(C)(C)C)C(=O)N[C@@H](Cc1ccccc1)[C@@H](O)CN(NC(=O)[C@H](C(C)(C)C)NC(=O)OC)Cc2ccc(cc2)-c3ccccn3

Cutoff Cleared for query DBid DB01072

Tcoff above 0.7	1.0

SMILES for DbId:DB01232	C1CCC[C@H]([C@H]12)C[C@@H](C(=O)NC(C)(C)C)N(C2)C[C@@H](O)[C@H](Cc3ccccc3)NC(=O)[C@H](CC(=O)N)NC(=O)c(cc4)nc(c45)cccc5

Cutoff Cleared for query DBid DB01232

Tcoff above 0.7	1.0

SMILES for DbId:DB01264	O1CC[C@H]([C@H]12)[C@H](CO2)OC(=O)N[C@@H](Cc3ccccc3)[C@H](O)CN(CC(C)C)S(=O)(=O)c4ccc(N)cc4

Cutoff Cleared for query DBid DB01264

Tcoff above 0.7	0.86

Cutoff Cleared for query DBid DB01264

Tcoff above 0.7	1.0

Cutoff Cleared for query DBid DB01264

Tcoff above 0.7	0.77

SMILES for DbId:DB01319	Nc1ccc(cc1)S(=O)(=O)N(CC(C)C)C[C@@H](OP(=O)(O)O)[C@H](Cc2ccccc2)NC(=O)O[C@H]3CCOC3

Cutoff Cleared for query DBid DB01319

Tcoff above 0.7	0.86

Cutoff Cleared for query DBid DB01319

Tcoff above 0.7	0.77

Cutoff Cleared for query DBid DB01319

Tcoff above 0.7	1.0

SMILES for DbId:DB01601	O=C1NCCCN1[C@@H](C(C)C)C(=O)N[C@@H](Cc2ccccc2)C[C@H](O)[C@H](Cc3ccccc3)NC(=O)COc4c(C)cccc4C

Cutoff Cleared for query DBid DB01601

Tcoff above 0.7	1.0

SMILES for DbId:DB04887	O1COc(c12)cc(cc2)S(=O)(=O)N(CC(C)C)C[C@@H](O)[C@@H](NC(=O)O[C@H]3CO[C@H]([C@H]34)OCC4)Cc5ccc(cc5)OCc6csc(n6)C

Cutoff Cleared for query DBid DB04887

Tcoff above 0.7	0.79

SMILES for DbId:DB00220	C1CCC[C@H]([C@H]12)C[C@@H](C(=O)NC(C)(C)C)N(C2)C[C@@H](O)[C@H](CSc3ccccc3)NC(=O)c4c(C)c(O)ccc4

Cutoff Cleared for query DBid DB00220

Tcoff above 0.7	1.0

SMILES for DbId:DB15623	O1CC[C@H]([C@H]12)[C@H](CO2)OC(=O)N[C@@H](Cc3ccccc3)[C@H](O)CN(CC(C)C)S(=O)(=O)c(c4)ccc(c45)nc(s5)NC6CCN(CC6)C7CCCC7

Cutoff Cleared for query DBid DB15623

Tcoff above 0.7	0.75

SMILES for DbId:DB07327	Cc1ccc(C(=O)C)c(c1)N[C@H](C(=O)N)c2c(Br)cccc2Br

No Hits were found in secondary run

SMILES for DbId:DB07505	c1ccccc1COC[C@H]2CNC[C@@H]2CN(CC(C)C)S(=O)(=O)c3ccccc3

No Hits were found in secondary run

SMILES for DbId:DB08041	c1ccccc1C[C@@H]([C@@H](O)C(=O)O)NC(=O)OCc2ccccc2

No Hits were found in secondary run

SMILES for DbId:DB08428	C[C@H](O)[C@@H](N)Cc1ccccc1

Cutoff Cleared for query DBid DB08428

Tcoff above 0.7	0.73

Cutoff Cleared for query DBid DB08428

Tcoff above 0.7	0.74

Cutoff Cleared for query DBid DB08428

Tcoff above 0.7	0.73

SMILES for DbId:DB08662	Brc1ccc(cc1)[C@H](C(C)C)c(c(=O)o2)c(O)c(c23)cccc3

Cutoff Cleared for query DBid DB08662

Tcoff above 0.7	0.71

Cutoff Cleared for query DBid DB08662

Tcoff above 0.7	0.89

Cutoff Cleared for query DBid DB08662

Tcoff above 0.7	0.94

Cutoff Cleared for query DBid DB08662

Tcoff above 0.7	0.83

SMILES for DbId:DB02086	c1ccccc1[As+](c2cc(O)c(O)cc2)(c3ccccc3)c4ccccc4

No Hits were found in secondary run

SMILES for DbId:DB02994	C[As](=O)(C)O

No Hits were found in secondary run

SMILES for DbId:DB03118	n1nn[nH]c1/C(O)=C/C(=O)c2c[nH]c(c23)ccc(Cl)c3

No Hits were found in secondary run

SMILES for DbId:DB03676	OC(=O)[C@@H](N)CS[As](=O)(C)C

No Hits were found in secondary run

SMILES for DbId:DB03963	OC(=O)[C@@H](N)CS[As](C)C

No Hits were found in secondary run

SMILES for DbId:DB07575	c1ccccc1C[C@H](N)C(O)[C@@H](N)Cc2ccccc2

No Hits were found in secondary run

SMILES for DbId:DB08027	CN(C)Cc1ccc(o1)CSCCNC(=O)Nc2ccc(C)c(Cl)c2

No Hits were found in secondary run

SMILES for DbId:DB08231	CCCCCCCCCCCCCC(=O)O

Cutoff Cleared for query DBid DB08231

Tcoff above 0.7	0.76

Cutoff Cleared for query DBid DB08231

Tcoff above 0.7	1.0

Cutoff Cleared for query DBid DB08231

Tcoff above 0.7	0.72

Cutoff Cleared for query DBid DB08231

Tcoff above 0.7	1.0

Cutoff Cleared for query DBid DB08231

Tcoff above 0.7	1.0

Cutoff Cleared for query DBid DB08231

Tcoff above 0.7	1.0

Cutoff Cleared for query DBid DB08231

Tcoff above 0.7	0.75

Cutoff Cleared for query DBid DB08231

Tcoff above 0.7	0.71

Cutoff Cleared for query DBid DB08231

Tcoff above 0.7	0.85

Cutoff Cleared for query DBid DB08231

Tcoff above 0.7	0.85

SMILES for DbId:DB01887	c1ccccc1CO[C@@H](C(=O)N[C@H](CO2)C[C@H]2CO)[C@H](O)[C@@H](O)[C@@H](OCc3ccccc3)C(=O)N[C@@H]4[C@H](O)Cc(c45)cccc5

No Hits were found in secondary run

SMILES for DbId:DB02804	c1ccccc1CN2C[C@@H](O)[C@@H](Cc3ccccc3)N(Cc4cc(OC)c(O)cc4)C(=O)N2Cc5cc(OC)c(O)cc5

No Hits were found in secondary run

SMILES for DbId:DB04353	c1ccccc1C[C@@H](C(=O)N)NC(=O)[C@H](CCC(=O)N)NC(=O)[C@@H](Cc2ccccc2)CC(=O)[C@@H](NC(=O)OC(C)(C)C)Cc3ccccc3

No Hits were found in secondary run

SMILES for DbId:DB07910	OC(O)[C@@H](N)Cc1ccccc1

Cutoff Cleared for query DBid DB07910

Tcoff above 0.7	0.79

Cutoff Cleared for query DBid DB07910

Tcoff above 0.7	0.73

Cutoff Cleared for query DBid DB07910

Tcoff above 0.7	0.75

Cutoff Cleared for query DBid DB07910

Tcoff above 0.7	0.76

Cutoff Cleared for query DBid DB07910

Tcoff above 0.7	0.72

Cutoff Cleared for query DBid DB07910

Tcoff above 0.7	0.7

Cutoff Cleared for query DBid DB07910

Tcoff above 0.7	0.75

Cutoff Cleared for query DBid DB07910

Tcoff above 0.7	0.71

Cutoff Cleared for query DBid DB07910

Tcoff above 0.7	0.71

Cutoff Cleared for query DBid DB07910

Tcoff above 0.7	0.74

SMILES for DbId:DB08115	NCCOC(=O)Cc(ccc1)c(c12)cccc2

No Hits were found in secondary run

SMILES for DbId:DB01732	c1ccccc1OC[C@@H]2[C@H](O)[C@@H](O)[C@@H](COc3ccccc3)N(Cc4ccccc4)C(=O)N2Cc5ccccc5

No Hits were found in secondary run

SMILES for DbId:DB01824	c1cccc(c12)C[C@@H](O[C@@H](N)O)[C@H]2[C@H](CN3)C(=O)[C@]3(Cc4ccccc4)CC(O)C(Cc5ccccc5)NC(=O)O[C@H]6CCOC6

No Hits were found in secondary run

SMILES for DbId:DB01887	c1ccccc1CO[C@@H](C(=O)N[C@H](CO2)C[C@H]2CO)[C@H](O)[C@@H](O)[C@@H](OCc3ccccc3)C(=O)N[C@@H]4[C@H](O)Cc(c45)cccc5

No Hits were found in secondary run

SMILES for DbId:DB01891	c1ccccc1C[C@@H](CO)NC(=O)[C@H](C(C)C)NC(=O)[C@H](C)NC(=O)OCc2ccccc2

No Hits were found in secondary run

SMILES for DbId:DB02009	c1cccc(c12)cc(o2)CN3C[C@@H](C(=O)NC(C)(C)C)N(CC3)C[C@@H](O)C[C@@H](Cc4ccccc4)C(=O)NC5[C@H](O)Cc(c56)cccc6

Cutoff Cleared for query DBid DB02009

Tcoff above 0.7	0.84

Cutoff Cleared for query DBid DB02009

Tcoff above 0.7	0.84

SMILES for DbId:DB02033	C1CCCCCc(c12)oc(=O)c(c2O)[C@@H](C3CC3)c4cccc(c4)NS(=O)(=O)c5ccccc5

No Hits were found in secondary run

SMILES for DbId:DB02629	c1cccc(c12)C[C@@H](O)[C@H]2NC(=O)[C@H](OCc3ccccc3F)[C@H](O)[C@@H](O)[C@@H](OCc4c(F)cccc4)C(=O)N[C@@H]5[C@H](O)Cc(c56)cccc6

No Hits were found in secondary run

SMILES for DbId:DB02683	c1ncccc1-c2ccc(cc2)CO[C@@H](/C(O)=N/[C@@H](C(C)C)/C(O)=N/C)[C@H](O)[C@@H](O)[C@H](/C(O)=N/[C@@H](C(C)C)/C(O)=N/C)OCc3ccc(cc3)-c4cnccc4

No Hits were found in secondary run

SMILES for DbId:DB02704	c1cccc(c12)C[C@@H](O)[C@H]2NC(=O)[C@H](CCc3ccccc3)[C@@H](O)[C@H](O)[C@@H](CCc4ccccc4)C(=O)N[C@@H]5[C@H](O)Cc(c56)cccc6

No Hits were found in secondary run

SMILES for DbId:DB02768	CC(C)(C)OC=O

No Hits were found in secondary run

SMILES for DbId:DB02785	O[C@@H]1CC[C@H](C)[C@@H]1NC(=O)[C@H](Cc2ccccc2)C[C@H](O)CN3CCN(C[C@H]3C(=O)NC(C)(C)C)C(=O)c4cnc(c(Cl)n4)N5CCN(C)CC5

No Hits were found in secondary run

SMILES for DbId:DB02972	CC[C@H](N)Cc1ccccc1

Cutoff Cleared for query DBid DB02972

Tcoff above 0.7	0.88

Cutoff Cleared for query DBid DB02972

Tcoff above 0.7	0.82

Cutoff Cleared for query DBid DB02972

Tcoff above 0.7	0.73

Cutoff Cleared for query DBid DB02972

Tcoff above 0.7	0.71

Cutoff Cleared for query DBid DB02972

Tcoff above 0.7	0.76

Cutoff Cleared for query DBid DB02972

Tcoff above 0.7	0.88

Cutoff Cleared for query DBid DB02972

Tcoff above 0.7	0.78

Cutoff Cleared for query DBid DB02972

Tcoff above 0.7	0.75

Cutoff Cleared for query DBid DB02972

Tcoff above 0.7	0.78

SMILES for DbId:DB03076	CNC(=O)c1cccc(c1)CN(S2(=O)=O)[C@H](COc3ccccc3)[C@H](O)[C@@H](O)[C@@H](COc4ccccc4)N2Cc5ccccc5

No Hits were found in secondary run

SMILES for DbId:DB03141	N#Cc1cccc(c1)S(=O)(=O)N2C[C@@H](O)[C@@H](Cc3ccccc3)N(Cc4ccc(O)cc4)C(=O)N2Cc5ccc(O)cc5

Cutoff Cleared for query DBid DB03141

Tcoff above 0.7	0.7

Cutoff Cleared for query DBid DB03141

Tcoff above 0.7	0.71

SMILES for DbId:DB03803	c1cccnc1CNC(=O)[C@H](C(C)C)NC(=O)[C@H](OCc2ccccc2)[C@H](O)[C@@H](O)[C@@H](OCc3ccccc3)C(=O)N[C@@H](C(C)C)C(=O)NCc4ncccc4

No Hits were found in secondary run

SMILES for DbId:DB03908	c1ccccc1CO[C@@H](C(=O)N[C@H](C(=O)NC)[C@@H](C)CC)[C@H](O)[C@@H](O)[C@H](C(=O)N[C@@H]([C@@H](C)CC)C(=O)NC)OCc2ccccc2

No Hits were found in secondary run

SMILES for DbId:DB04042	CO[C@H](O)c1ccc(cc1)CN(S2(=O)=O)[C@H](COc3ccccc3)[C@H](O)[C@@H](O)[C@@H](COc4ccccc4)N2Cc5ccc(CO)cc5

No Hits were found in secondary run

SMILES for DbId:DB04190	c1cccc(c12)C[C@@H](O)[C@H]2NC(=O)[C@H](OCc3ccccc3)[C@H](O)C[C@@H](OCc4ccccc4)C(=O)N[C@@H]5[C@H](O)Cc(c56)cccc6

No Hits were found in secondary run

SMILES for DbId:DB04255	c1ccccc1CO[C@@H](C(=O)N[C@@H](C(C)C)C(=O)NC)[C@H](O)[C@@H](O)[C@@H](OCc2ccccc2)C(=O)N[C@@H]3[C@H](O)Cc(c34)cccc4

No Hits were found in secondary run

SMILES for DbId:DB04547	c1sccc1-c2ccc(cc2)CO[C@@H](C(=O)N[C@@H](C(C)C)C(=O)NC)[C@H](O)[C@@H](O)[C@H](C(=O)N[C@@H](C(C)C)C(=O)NC)OCc3ccc(cc3)-c4cscc4

No Hits were found in secondary run

SMILES for DbId:DB05398	CCCCCCCCCCCC[N+](C)(C)CC([O-])=O

No Hits were found in secondary run

SMILES for DbId:DB05871	CC(C)=CCOc1c(Cl)ccc(c1)NC(=S)c2c(C)occ2

No Hits were found in secondary run

SMILES for DbId:DB06414	Cc1cc(C#N)cc(C)c1Oc2c(Br)c(N)nc(n2)Nc3ccc(C#N)cc3

Cutoff Cleared for query DBid DB06414

Tcoff above 0.7	1.0

SMILES for DbId:DB06874	Cc1cc(C#N)cc(C)c1Oc2c(Br)c(CO)nc(n2)Nc3ccc(C#N)cc3

Cutoff Cleared for query DBid DB06874

Tcoff above 0.7	0.72

SMILES for DbId:DB07018	CCc1c(C)[nH]c(=O)c(N(C)CCOC)c1Cc2cccc(C)c2

No Hits were found in secondary run

SMILES for DbId:DB07035	CCc1c(C)[nH]c(=O)c(I)c1Oc2cccc(c2)/C=C/C#N

No Hits were found in secondary run

SMILES for DbId:DB07327	Cc1ccc(C(=O)C)c(c1)N[C@H](C(=O)N)c2c(Br)cccc2Br

No Hits were found in secondary run

SMILES for DbId:DB07332	Clc1cccc(Cl)c1[C@@H](C(=O)N)Nc2c(C(=O)C)ccc(C)c2

No Hits were found in secondary run

SMILES for DbId:DB07337	N#Cc1ccc(cc1)Nc2nc(N)nc(n2)Cc(c(Cl)cc3)c(c34)cc[nH]4

No Hits were found in secondary run

SMILES for DbId:DB07343	Clc1cccc(Cl)c1Oc2nc(N)nc(n2)Nc3ccc(C#N)cc3

No Hits were found in secondary run

SMILES for DbId:DB07451	Brc1ccc(nc1)NC(=O)N[C@H]2C[C@H]2c3c(F)ccc(c3O)C(=O)CC

No Hits were found in secondary run

SMILES for DbId:DB07578	c1cncc(c12)nc(C)n2-c3ccc(cc3)Cn4c(=O)sc(c45)cccc5

No Hits were found in secondary run

SMILES for DbId:DB07806	c1ccccc1CNC(=O)[C@H]([C@@H](SC2(C)C)N[C@H]2C(=O)O)NC(=O)Cc3ccccc3

Cutoff Cleared for query DBid DB07806

Tcoff above 0.7	0.71

SMILES for DbId:DB07885	CC(C)OC(=O)N([C@H](C(=S)N1)CSC)c(c12)cc(cc2)OC

No Hits were found in secondary run

SMILES for DbId:DB07961	Clc1cccc(Cl)c1C/C(N)=N/C(=S)Nc2ccc(C#N)cc2

No Hits were found in secondary run

SMILES for DbId:DB08034	c1cccc(c12)c(c(cc2)OC)/C=N/NC(=O)c3cc(O)c(O)cc3

No Hits were found in secondary run

SMILES for DbId:DB08212	N#Cc1ccc(nc1)NC(=S)N[C@@H]2C[C@@H]2c3c(OC)ccc(C(=O)C)c3O

No Hits were found in secondary run

SMILES for DbId:DB08281	Brc1ccc(cc1)NC(=S)OCCN(C2=O)C(=O)c(c23)cccc3

No Hits were found in secondary run

SMILES for DbId:DB08282	Clc1ccc(cc1)NC(=S)OCCN(C2=O)C(=O)c(c23)cccc3

No Hits were found in secondary run

SMILES for DbId:DB08284	Ic1ccc(cc1)NC(=S)OCCN(C2=O)C(=O)c(c23)cccc3

No Hits were found in secondary run

SMILES for DbId:DB08372	CCOc1c(F)c(ncc1)CCNC(=S)Nc2ccc(C)cn2

No Hits were found in secondary run

SMILES for DbId:DB08414	o1ccc(c12)cc(nc2)[C@H](C)Sc3nc(Cl)cc(n3)N

No Hits were found in secondary run

SMILES for DbId:DB08428	C[C@H](O)[C@@H](N)Cc1ccccc1

Cutoff Cleared for query DBid DB08428

Tcoff above 0.7	0.73

Cutoff Cleared for query DBid DB08428

Tcoff above 0.7	0.74

Cutoff Cleared for query DBid DB08428

Tcoff above 0.7	0.73

SMILES for DbId:DB08457	Cc1cc(cc(c1)C)Oc2c(I)c(=O)[nH]c(C)c2CSCc3ccco3

No Hits were found in secondary run

SMILES for DbId:DB08598	CC(C)=CCN(C1)[C@@H](C)Cn2c(=S)[nH]c(c2c13)cc(Cl)c3

No Hits were found in secondary run

SMILES for DbId:DB08600	S=c([nH]1)n2C[C@H](C)N(CC=C(C)C)Cc(c2c13)c(Cl)cc3

No Hits were found in secondary run

SMILES for DbId:DB08639	Cc1cc(C)c(c(C)c1)Nc2nc(ncc2)Nc3ccc(C#N)cc3

Cutoff Cleared for query DBid DB08639

Tcoff above 0.7	0.9

SMILES for DbId:DB01721	c1cccc(c12)C[C@@H](O)[C@H]2NC(=O)[C@@H]([C@H](C)c3ccccc3)C[C@H](O)CN4CCN(C[C@H]4C(=O)NC(C)(C)C)Cc(cc5)cc(c56)OCO6

Cutoff Cleared for query DBid DB01721

Tcoff above 0.7	0.82

Cutoff Cleared for query DBid DB01721

Tcoff above 0.7	0.82

SMILES for DbId:DB02102	c1ccccc1C[C@H]2N(Cc3cc(N)ccc3)C(=O)N(Cc4cc(N)ccc4)[C@@H]([C@H](O)[C@H]2O)Cc5ccccc5

No Hits were found in secondary run

SMILES for DbId:DB02702	n1ccsc1NC(=O)c2cccc(c2)CN3[C@H](Cc4ccccc4)[C@H](O)[C@@H](O)[C@@H](Cc5ccccc5)N(C3=O)Cc6cc(ccc6)C(=O)Nc7nccs7

No Hits were found in secondary run

SMILES for DbId:DB02729	c1cccc(c12)nc([nH]2)NC(=O)c3cccc(c3)CN4[C@H](Cc5ccccc5)[C@H](O)[C@@H](O)[C@@H](Cc6ccccc6)N(C4=O)Cc7cccc(c7)C(=O)Nc([nH]8)nc(c89)cccc9

No Hits were found in secondary run

SMILES for DbId:DB04609	c1ccccc1C[C@H]2N(CC3CC3)C(=O)N([C@@H]([C@H](O)[C@H]2O)Cc4ccccc4)Cc5cc(ccc5)C(=O)Nc6nccs6

No Hits were found in secondary run

SMILES for DbId:DB05328	 

		Your QUERY SMILE is corrupted at DB05328:
 

No Hits were found in secondary run

SMILES for DbId:DB06414	Cc1cc(C#N)cc(C)c1Oc2c(Br)c(N)nc(n2)Nc3ccc(C#N)cc3

Cutoff Cleared for query DBid DB06414

Tcoff above 0.7	1.0

SMILES for DbId:DB06581	C1C[C@@H](C(C)=C)[C@@H]([C@]12C(=O)O)[C@@H]3[C@@](C)(CC2)[C@@]4(C)[C@H](CC3)[C@]5(C)[C@@H](CC4)C(C)(C)[C@H](CC5)OC(=O)CC(C)(C)C(=O)O

Cutoff Cleared for query DBid DB06581

Tcoff above 0.7	0.71

SMILES for DbId:DB06910	c1ccccc1C[C@H]2N(CC=C)C(=O)N(CC=C)[C@@H]([C@H](O)[C@H]2O)Cc3ccccc3

No Hits were found in secondary run

SMILES for DbId:DB07184	CCOCn1c(=O)[nH]c(=O)c(C(C)C)c1SC2CCCCC2

No Hits were found in secondary run

SMILES for DbId:DB07332	Clc1cccc(Cl)c1[C@@H](C(=O)N)Nc2c(C(=O)C)ccc(C)c2

No Hits were found in secondary run

SMILES for DbId:DB07472	Cc1cc(ccc1)[C@@]23N(CCS2)C(=O)c4c3cccc4

No Hits were found in secondary run

SMILES for DbId:DB07473	c1ccccc1[C@@]23N([C@@H](CS2)C(=O)OC)C(=O)c4c3cccc4

No Hits were found in secondary run

SMILES for DbId:DB07781	CCOc1c(F)c(ncc1)CCNC(=S)Nc2ncc(C#N)cc2

No Hits were found in secondary run

SMILES for DbId:DB07797	CCOc1c(F)c(ncc1)CCNC(=S)Nc2ncc(Cl)cc2

No Hits were found in secondary run

SMILES for DbId:DB07820	CCOCn1c(=O)[nH]c(=O)c(C(C)C)c1Cc2cc(C)cc(C)c2

No Hits were found in secondary run

SMILES for DbId:DB07826	c1ccccc1C(=O)c2cc(Cl)ccc2OCC(=O)Nc3ccccc3

No Hits were found in secondary run

SMILES for DbId:DB07864	c1cc(F)cc(c12)c(c(c(=O)[nH]2)C(C)C)OC#CC3CC3

No Hits were found in secondary run

SMILES for DbId:DB07867	c1cc(Cl)cc(c12)c(c(c(=O)[nH]2)CCC)OC3CCCCC3

No Hits were found in secondary run

SMILES for DbId:DB07868	c1cc(Cl)cc(c12)c(c(c(=O)[nH]2)CCC)SC3CCCCC3

No Hits were found in secondary run

SMILES for DbId:DB07869	c1cc(Cl)cc(c12)c(c(c(=O)[nH]2)CCC)[S@](=O)C3CCCCC3

No Hits were found in secondary run

SMILES for DbId:DB07871	c1cc(Cl)cc(c12)c(c(c(=O)[nH]2)C(C)C)OC3CCCCC3

No Hits were found in secondary run

SMILES for DbId:DB07884	CC(C)OC(=O)N([C@@H](CC)C(=O)N1)c(c12)cc(F)cc2

No Hits were found in secondary run

SMILES for DbId:DB07892	OCCOCn1c(=O)[nH]c(=O)c(C)c1Sc2ccccc2

No Hits were found in secondary run

SMILES for DbId:DB07910	OC(O)[C@@H](N)Cc1ccccc1

Cutoff Cleared for query DBid DB07910

Tcoff above 0.7	0.79

Cutoff Cleared for query DBid DB07910

Tcoff above 0.7	0.73

Cutoff Cleared for query DBid DB07910

Tcoff above 0.7	0.75

Cutoff Cleared for query DBid DB07910

Tcoff above 0.7	0.76

Cutoff Cleared for query DBid DB07910

Tcoff above 0.7	0.72

Cutoff Cleared for query DBid DB07910

Tcoff above 0.7	0.7

Cutoff Cleared for query DBid DB07910

Tcoff above 0.7	0.75

Cutoff Cleared for query DBid DB07910

Tcoff above 0.7	0.71

Cutoff Cleared for query DBid DB07910

Tcoff above 0.7	0.71

Cutoff Cleared for query DBid DB07910

Tcoff above 0.7	0.74

SMILES for DbId:DB08154	Clc1cc(C#N)cc(c1)Oc2c(Cl)ccc(c2)OCc3n[nH]c(c34)cccc4

No Hits were found in secondary run

SMILES for DbId:DB08188	CCOCn1c(=O)[nH]c(=O)c(C(C)C)c1Cc2ccccc2

No Hits were found in secondary run

SMILES for DbId:DB08211	c1cc(Br)cc(c12)c(c([nH]2)C(=O)N)S(=O)(=O)N3CCCC3

No Hits were found in secondary run

SMILES for DbId:DB08286	OC(=O)COc1cccc(c12)cccc2

Cutoff Cleared for query DBid DB08286

Tcoff above 0.7	0.71

SMILES for DbId:DB08372	CCOc1c(F)c(ncc1)CCNC(=S)Nc2ccc(C)cn2

No Hits were found in secondary run

SMILES for DbId:DB08379	O=c1ccc(n[nH]1)Cc2c(F)c(c(Cl)cc2)Oc3ccccc3

No Hits were found in secondary run

SMILES for DbId:DB08444	Cc1cc(C#N)cc(c1)Oc2c(Br)cc(cc2)Cc3n[nH]c(c34)nncc4

No Hits were found in secondary run

SMILES for DbId:DB08446	c1cnnc(c12)[nH]nc2Cc3c(F)c(c(Br)cc3)Oc4cc(C#N)cc(Cl)c4

No Hits were found in secondary run

SMILES for DbId:DB08459	N#Cc1cc(Cl)cc(c1)Oc2c(Cl)ccc(c2)OCc3n[nH]c(c34)nccc4

No Hits were found in secondary run

SMILES for DbId:DB08460	Nc(n1)ccc(c12)c(n[nH]2)COc3ccc(Cl)c(c3)Oc4cc(C#N)cc(Cl)c4

No Hits were found in secondary run

SMILES for DbId:DB08494	c1cc(C)cc(c12)CCCN2C(=O)SCC(=O)Nc3c(Cl)cc(cc3)S(=O)(=O)N

No Hits were found in secondary run

SMILES for DbId:DB08502	Clc1cc(cc(Cl)c1)Sc2c(C(C)C)nc(COC(=O)N)n2Cc3ccncc3

No Hits were found in secondary run

SMILES for DbId:DB08528	Cc1cc(cc(C)c1)S(=O)(=O)c2c(C#N)c(N)ccc2

No Hits were found in secondary run

SMILES for DbId:DB08598	CC(C)=CCN(C1)[C@@H](C)Cn2c(=S)[nH]c(c2c13)cc(Cl)c3

No Hits were found in secondary run

SMILES for DbId:DB08634	c1ccccc1Cc2c(C(C)C)c(=O)[nH]c(=O)n2COCc3ccccc3

No Hits were found in secondary run

SMILES for DbId:DB08665	n1cccc(c12)C(=O)N(C)c3c(N2CC)cc([N+]([O-])=O)cc3

No Hits were found in secondary run

SMILES for DbId:DB08680	Cc1occc1C(=S)Nc2cc(c(Cl)cc2)/C=N/OC(C)(C)C

No Hits were found in secondary run

SMILES for DbId:DB08681	CC(C)OC(=S)Nc1cc(c(Cl)cc1)C(=O)OC(C)C

No Hits were found in secondary run

SMILES for DbId:DB08682	CC(C)OC(=O)c1c(Cl)ccc(c1)NC(=O)C2=C(C)OCCS2

No Hits were found in secondary run

SMILES for DbId:DB13119	OCCNC(=O)c(c(=O)n1C)c(O)c(c12)ncc(c2)Cc3ccc(F)cc3

No Hits were found in secondary run

SMILES for DbId:DB02411	c1ccccc1S(=O)(=O)N(CCC(C)C)C[C@@H](O)[C@H](Cc(ccc23)cc3)NC(=O)[C@H](CC(=O)N)NC(=O)CCCO2

No Hits were found in secondary run

SMILES for DbId:DB02668	Cc1ccccc1CNC(=O)[C@H](C2(C)C)N(CS2)C(=O)[C@@H](O)[C@H](Cc3ccccc3)NC(=O)c4cccc(O)c4C

No Hits were found in secondary run

SMILES for DbId:DB03768	c1ccccc1S(=O)(=O)N(CCC(C)C)C[C@@H](O)[C@H](Cc(ccc23)cc3)NC(=O)[C@H](C(C)C)NC(=O)CCCO2

No Hits were found in secondary run

SMILES for DbId:DB04454	CC[C@@H](N)C(=O)O

Cutoff Cleared for query DBid DB04454

Tcoff above 0.7	0.7

Cutoff Cleared for query DBid DB04454

Tcoff above 0.7	0.72

Cutoff Cleared for query DBid DB04454

Tcoff above 0.7	0.75

Cutoff Cleared for query DBid DB04454

Tcoff above 0.7	0.77

Cutoff Cleared for query DBid DB04454

Tcoff above 0.7	0.75

SMILES for DbId:DB04886	CCCc1cc(=O)oc(c12)c3c(O[C@H](C)[C@@H](C)[C@@H]3O)c4c2OC(C)(C)C=C4

No Hits were found in secondary run

SMILES for DbId:DB05228	 

		Your QUERY SMILE is corrupted at DB05228:
 

No Hits were found in secondary run

SMILES for DbId:DB05644	CCCCCCCOC(=O)NC1=NC(=O)N(CN1)[C@H]2C[C@H](O)[C@H](O2)CO

No Hits were found in secondary run

SMILES for DbId:DB07679	c12ccc(cc2)C[C@@H](C(=O)O)NC(=O)[C@H](C(C)C)NC(=O)CCCCO1

No Hits were found in secondary run

SMILES for DbId:DB07910	OC(O)[C@@H](N)Cc1ccccc1

Cutoff Cleared for query DBid DB07910

Tcoff above 0.7	0.79

Cutoff Cleared for query DBid DB07910

Tcoff above 0.7	0.73

Cutoff Cleared for query DBid DB07910

Tcoff above 0.7	0.75

Cutoff Cleared for query DBid DB07910

Tcoff above 0.7	0.76

Cutoff Cleared for query DBid DB07910

Tcoff above 0.7	0.72

Cutoff Cleared for query DBid DB07910

Tcoff above 0.7	0.7

Cutoff Cleared for query DBid DB07910

Tcoff above 0.7	0.75

Cutoff Cleared for query DBid DB07910

Tcoff above 0.7	0.71

Cutoff Cleared for query DBid DB07910

Tcoff above 0.7	0.71

Cutoff Cleared for query DBid DB07910

Tcoff above 0.7	0.74

SMILES for DbId:DB08622	Clc1ccc(cc1)C2(O)CCN(CC2)CCCC3(SCCS3)c4ccc(F)cc4

No Hits were found in secondary run

SMILES for DbId:DB07722	OCCCOc1ccc([N+]([O-])=O)cc1

No Hits were found in secondary run

SMILES for DbId:DB02428	OC(=O)c(cc1)nc(c12)cccc2

No Hits were found in secondary run

SMILES for DbId:DB04490	SCc1cccnc1

No Hits were found in secondary run

SMILES for DbId:DB07581	CC(C)[C@@H](C(=O)O)C[C@H](O)[C@@H](N)CC1CCCCC1

No Hits were found in secondary run

SMILES for DbId:DB07634	Cc1cccc(C)c1OCC(=O)O

Cutoff Cleared for query DBid DB07634

Tcoff above 0.7	0.71

SMILES for DbId:DB08231	CCCCCCCCCCCCCC(=O)O

Cutoff Cleared for query DBid DB08231

Tcoff above 0.7	0.76

Cutoff Cleared for query DBid DB08231

Tcoff above 0.7	1.0

Cutoff Cleared for query DBid DB08231

Tcoff above 0.7	0.72

Cutoff Cleared for query DBid DB08231

Tcoff above 0.7	1.0

Cutoff Cleared for query DBid DB08231

Tcoff above 0.7	1.0

Cutoff Cleared for query DBid DB08231

Tcoff above 0.7	1.0

Cutoff Cleared for query DBid DB08231

Tcoff above 0.7	0.75

Cutoff Cleared for query DBid DB08231

Tcoff above 0.7	0.71

Cutoff Cleared for query DBid DB08231

Tcoff above 0.7	0.85

Cutoff Cleared for query DBid DB08231

Tcoff above 0.7	0.85

SMILES for DbId:DB08274	c1ccccc1[C@H](CC)c(c(=O)o2)c(O)c(c23)CCCCC3

No Hits were found in secondary run

SMILES for DbId:DB08286	OC(=O)COc1cccc(c12)cccc2

Cutoff Cleared for query DBid DB08286

Tcoff above 0.7	0.71

SMILES for DbId:DB08421	CC(C)(C)NC(=O)[C@@H]1CCCCN1

No Hits were found in secondary run

SMILES for DbId:DB08474	NC(=O)[C@@H](C(C)(C)C)CC(=O)NC(CC)CC

No Hits were found in secondary run

SMILES for DbId:DB08663	c1ccccc1[C@H](CC)c(c(=O)o2)c(O)c(c23)ccc(c3)OC

Cutoff Cleared for query DBid DB08663

Tcoff above 0.7	0.72

Cutoff Cleared for query DBid DB08663

Tcoff above 0.7	0.9

Cutoff Cleared for query DBid DB08663

Tcoff above 0.7	0.95

Cutoff Cleared for query DBid DB08663

Tcoff above 0.7	0.84

SMILES for DbId:DB08664	c1cccc(c12)c(O)c(c(o2)=O)[C@@H](CC)c3cc(ccc3)NC(=O)CNC(=O)OC(C)(C)C

Cutoff Cleared for query DBid DB08664

Tcoff above 0.7	0.76

Cutoff Cleared for query DBid DB08664

Tcoff above 0.7	0.79

Cutoff Cleared for query DBid DB08664

Tcoff above 0.7	0.75

SMILES for DbId:DB08686	c1ccccc1[C@H](CC)c(c(=O)o2)c(O)c(c23)CCCCCC3

No Hits were found in secondary run

SMILES for DbId:DB04191	C[C@H](N)C(=O)N[C@@H](C)C(=O)N[C@@H](Cc1ccccc1)[C@@H](O)CCC(=O)N[C@@H](C(C)C)C(=O)N[C@@H](C(C)C)C(=O)OC

No Hits were found in secondary run

SMILES for DbId:DB07499	NC(N)=NCCCCNC(=O)c1csc(n1)-c2cscn2

No Hits were found in secondary run

SMILES for DbId:DB08331	n1cc[nH]c1Nc2ccc(cc2)Nc3ccc(cc3)Nc4ncc[nH]4

No Hits were found in secondary run

SMILES for DbId:DB03413	O=c1[nH]c(=O)ccn1[C@H]2C[C@H](O)[C@H](O2)COP(=O)(O)OP(=O)(O)O

Cutoff Cleared for query DBid DB03413

Tcoff above 0.7	0.74

Cutoff Cleared for query DBid DB03413

Tcoff above 0.7	0.74

Cutoff Cleared for query DBid DB03413

Tcoff above 0.7	0.74

Cutoff Cleared for query DBid DB03413

Tcoff above 0.7	0.7

Cutoff Cleared for query DBid DB03413

Tcoff above 0.7	0.75

Cutoff Cleared for query DBid DB03413

Tcoff above 0.7	0.71

SMILES for DbId:DB01891	c1ccccc1C[C@@H](CO)NC(=O)[C@H](C(C)C)NC(=O)[C@H](C)NC(=O)OCc2ccccc2

No Hits were found in secondary run

SMILES for DbId:DB02333	O=c1[nH]c(=O)ccn1[C@H]2C[C@H](O)[C@H](O2)COP(=O)(O)OP(=O)(O)OP(=O)(O)O

Cutoff Cleared for query DBid DB02333

Tcoff above 0.7	0.72

Cutoff Cleared for query DBid DB02333

Tcoff above 0.7	0.72

Cutoff Cleared for query DBid DB02333

Tcoff above 0.7	0.71

Cutoff Cleared for query DBid DB02333

Tcoff above 0.7	0.73

SMILES for DbId:DB03435	O=c1[nH]c(=O)ccn1[C@H]2[C@H](O)[C@H](O)[C@H](O2)COP(=O)(O)OP(=O)(O)O

Cutoff Cleared for query DBid DB03435

Tcoff above 0.7	0.74

Cutoff Cleared for query DBid DB03435

Tcoff above 0.7	0.76

Cutoff Cleared for query DBid DB03435

Tcoff above 0.7	0.86

SMILES for DbId:DB03800	OP(=O)(O)OC[C@H]1O[C@H](C[C@@H]1O)n2ccc(=O)[nH]c2=O

Cutoff Cleared for query DBid DB03800

Tcoff above 0.7	0.78

Cutoff Cleared for query DBid DB03800

Tcoff above 0.7	0.79

Cutoff Cleared for query DBid DB03800

Tcoff above 0.7	0.73

Cutoff Cleared for query DBid DB03800

Tcoff above 0.7	0.78

Cutoff Cleared for query DBid DB03800

Tcoff above 0.7	0.73

Cutoff Cleared for query DBid DB03800

Tcoff above 0.7	0.75

SMILES for DbId:DB07365	OC(=O)[C@@H](N)Cc1cccc(c12)cccc2

Cutoff Cleared for query DBid DB07365

Tcoff above 0.7	0.72

SMILES for DbId:DB08253	NC(=O)[C@@H](N)Cc1cccc(c12)cccc2

No Hits were found in secondary run

SMILES for DbId:DB02413	OC(=O)[C@@H](N)CSCCO

Cutoff Cleared for query DBid DB02413

Tcoff above 0.7	0.86

TIME-MODE2_Tc-Run:	1069.96

TIME-MODE2-Complete:	1123.06

TIME-Complete-Run:	1123.75
